B:\tsg\qiankun\qiankun-example\server\FS\readFileList
B:\tsg\qiankun\qiankun-example\server\FS\readFileList\index.js
B:\tsg\qiankun\qiankun-example\server
B:\tsg\qiankun\qiankun-example\server
.\
开始整理文件路径~
检测到文件夹：B:\tsg\qiankun\qiankun-example\server\my_dom\.git
检测到文件夹：B:\tsg\qiankun\qiankun-example\server\my_dom\.git\hooks
检测到文件夹：B:\tsg\qiankun\qiankun-example\server\my_dom\.git\info
检测到文件夹：B:\tsg\qiankun\qiankun-example\server\my_dom\.git\logs
检测到文件夹：B:\tsg\qiankun\qiankun-example\server\my_dom\.git\logs\refs
检测到文件夹：B:\tsg\qiankun\qiankun-example\server\my_dom\.git\logs\refs\heads
检测到文件夹：B:\tsg\qiankun\qiankun-example\server\my_dom\.git\logs\refs\remotes
检测到文件夹：B:\tsg\qiankun\qiankun-example\server\my_dom\.git\logs\refs\remotes\origin
检测到文件夹：B:\tsg\qiankun\qiankun-example\server\my_dom\.git\objects
检测到文件夹：B:\tsg\qiankun\qiankun-example\server\my_dom\.git\objects\25
检测到文件夹：B:\tsg\qiankun\qiankun-example\server\my_dom\.git\objects\2a
检测到文件夹：B:\tsg\qiankun\qiankun-example\server\my_dom\.git\objects\35
检测到文件夹：B:\tsg\qiankun\qiankun-example\server\my_dom\.git\objects\41
检测到文件夹：B:\tsg\qiankun\qiankun-example\server\my_dom\.git\objects\4a
检测到文件夹：B:\tsg\qiankun\qiankun-example\server\my_dom\.git\objects\4e
检测到文件夹：B:\tsg\qiankun\qiankun-example\server\my_dom\.git\objects\85
检测到文件夹：B:\tsg\qiankun\qiankun-example\server\my_dom\.git\objects\99
检测到文件夹：B:\tsg\qiankun\qiankun-example\server\my_dom\.git\objects\a4
检测到文件夹：B:\tsg\qiankun\qiankun-example\server\my_dom\.git\objects\a8
检测到文件夹：B:\tsg\qiankun\qiankun-example\server\my_dom\.git\objects\c1
检测到文件夹：B:\tsg\qiankun\qiankun-example\server\my_dom\.git\objects\c6
检测到文件夹：B:\tsg\qiankun\qiankun-example\server\my_dom\.git\objects\c7
检测到文件夹：B:\tsg\qiankun\qiankun-example\server\my_dom\.git\objects\ce
检测到文件夹：B:\tsg\qiankun\qiankun-example\server\my_dom\.git\objects\dd
检测到文件夹：B:\tsg\qiankun\qiankun-example\server\my_dom\.git\objects\de
检测到文件夹：B:\tsg\qiankun\qiankun-example\server\my_dom\.git\objects\e6
检测到文件夹：B:\tsg\qiankun\qiankun-example\server\my_dom\.git\objects\e9
检测到文件夹：B:\tsg\qiankun\qiankun-example\server\my_dom\.git\objects\fb
检测到文件夹：B:\tsg\qiankun\qiankun-example\server\my_dom\.git\objects\info
检测到文件夹：B:\tsg\qiankun\qiankun-example\server\my_dom\.git\objects\pack
检测到文件夹：B:\tsg\qiankun\qiankun-example\server\my_dom\.git\refs
检测到文件夹：B:\tsg\qiankun\qiankun-example\server\my_dom\.git\refs\heads
检测到文件夹：B:\tsg\qiankun\qiankun-example\server\my_dom\.git\refs\remotes
检测到文件夹：B:\tsg\qiankun\qiankun-example\server\my_dom\.git\refs\remotes\origin
检测到文件夹：B:\tsg\qiankun\qiankun-example\server\my_dom\.git\refs\tags
检测到白名单文件，路径为：B:\tsg\qiankun\qiankun-example\server\my_dom\app.js
检测到白名单文件，路径为：B:\tsg\qiankun\qiankun-example\server\my_dom\config.js
检测到文件夹：B:\tsg\qiankun\qiankun-example\server\my_dom\db
检测到白名单文件，路径为：B:\tsg\qiankun\qiankun-example\server\my_dom\db\index.js
检测到文件夹：B:\tsg\qiankun\qiankun-example\server\my_dom\node_modules
检测到文件夹：B:\tsg\qiankun\qiankun-example\server\my_dom\node_modules\.bin
检测到白名单文件，路径为：B:\tsg\qiankun\qiankun-example\server\my_dom\node_modules\.package-lock.json
检测到文件夹：B:\tsg\qiankun\qiankun-example\server\my_dom\node_modules\@escook
检测到文件夹：B:\tsg\qiankun\qiankun-example\server\my_dom\node_modules\@escook\express-joi
检测到白名单文件，路径为：B:\tsg\qiankun\qiankun-example\server\my_dom\node_modules\@escook\express-joi\index.js
检测到白名单文件，路径为：B:\tsg\qiankun\qiankun-example\server\my_dom\node_modules\@escook\express-joi\package.json
检测到文件夹：B:\tsg\qiankun\qiankun-example\server\my_dom\node_modules\@hapi
检测到文件夹：B:\tsg\qiankun\qiankun-example\server\my_dom\node_modules\@hapi\address
检测到文件夹：B:\tsg\qiankun\qiankun-example\server\my_dom\node_modules\@hapi\address\lib
检测到白名单文件，路径为：B:\tsg\qiankun\qiankun-example\server\my_dom\node_modules\@hapi\address\lib\decode.js
检测到白名单文件，路径为：B:\tsg\qiankun\qiankun-example\server\my_dom\node_modules\@hapi\address\lib\domain.js
检测到白名单文件，路径为：B:\tsg\qiankun\qiankun-example\server\my_dom\node_modules\@hapi\address\lib\email.js
检测到白名单文件，路径为：B:\tsg\qiankun\qiankun-example\server\my_dom\node_modules\@hapi\address\lib\errors.js
检测到白名单文件，路径为：B:\tsg\qiankun\qiankun-example\server\my_dom\node_modules\@hapi\address\lib\index.js
检测到白名单文件，路径为：B:\tsg\qiankun\qiankun-example\server\my_dom\node_modules\@hapi\address\lib\ip.js
检测到白名单文件，路径为：B:\tsg\qiankun\qiankun-example\server\my_dom\node_modules\@hapi\address\lib\tlds.js
检测到白名单文件，路径为：B:\tsg\qiankun\qiankun-example\server\my_dom\node_modules\@hapi\address\lib\uri.js
检测到白名单文件，路径为：B:\tsg\qiankun\qiankun-example\server\my_dom\node_modules\@hapi\address\package.json
检测到文件夹：B:\tsg\qiankun\qiankun-example\server\my_dom\node_modules\@hapi\formula
检测到文件夹：B:\tsg\qiankun\qiankun-example\server\my_dom\node_modules\@hapi\formula\lib
检测到白名单文件，路径为：B:\tsg\qiankun\qiankun-example\server\my_dom\node_modules\@hapi\formula\lib\index.js
检测到白名单文件，路径为：B:\tsg\qiankun\qiankun-example\server\my_dom\node_modules\@hapi\formula\package.json
检测到文件夹：B:\tsg\qiankun\qiankun-example\server\my_dom\node_modules\@hapi\hoek
检测到文件夹：B:\tsg\qiankun\qiankun-example\server\my_dom\node_modules\@hapi\hoek\lib
检测到白名单文件，路径为：B:\tsg\qiankun\qiankun-example\server\my_dom\node_modules\@hapi\hoek\lib\applyToDefaults.js
检测到白名单文件，路径为：B:\tsg\qiankun\qiankun-example\server\my_dom\node_modules\@hapi\hoek\lib\assert.js
检测到白名单文件，路径为：B:\tsg\qiankun\qiankun-example\server\my_dom\node_modules\@hapi\hoek\lib\bench.js
检测到白名单文件，路径为：B:\tsg\qiankun\qiankun-example\server\my_dom\node_modules\@hapi\hoek\lib\block.js
检测到白名单文件，路径为：B:\tsg\qiankun\qiankun-example\server\my_dom\node_modules\@hapi\hoek\lib\clone.js
检测到白名单文件，路径为：B:\tsg\qiankun\qiankun-example\server\my_dom\node_modules\@hapi\hoek\lib\contain.js
检测到白名单文件，路径为：B:\tsg\qiankun\qiankun-example\server\my_dom\node_modules\@hapi\hoek\lib\deepEqual.js
检测到白名单文件，路径为：B:\tsg\qiankun\qiankun-example\server\my_dom\node_modules\@hapi\hoek\lib\error.js
检测到白名单文件，路径为：B:\tsg\qiankun\qiankun-example\server\my_dom\node_modules\@hapi\hoek\lib\escapeHeaderAttribute.js
检测到白名单文件，路径为：B:\tsg\qiankun\qiankun-example\server\my_dom\node_modules\@hapi\hoek\lib\escapeHtml.js
检测到白名单文件，路径为：B:\tsg\qiankun\qiankun-example\server\my_dom\node_modules\@hapi\hoek\lib\escapeJson.js
检测到白名单文件，路径为：B:\tsg\qiankun\qiankun-example\server\my_dom\node_modules\@hapi\hoek\lib\escapeRegex.js
检测到白名单文件，路径为：B:\tsg\qiankun\qiankun-example\server\my_dom\node_modules\@hapi\hoek\lib\flatten.js
检测到白名单文件，路径为：B:\tsg\qiankun\qiankun-example\server\my_dom\node_modules\@hapi\hoek\lib\ignore.js
检测到白名单文件，路径为：B:\tsg\qiankun\qiankun-example\server\my_dom\node_modules\@hapi\hoek\lib\index.js
检测到白名单文件，路径为：B:\tsg\qiankun\qiankun-example\server\my_dom\node_modules\@hapi\hoek\lib\intersect.js
检测到白名单文件，路径为：B:\tsg\qiankun\qiankun-example\server\my_dom\node_modules\@hapi\hoek\lib\isPromise.js
检测到白名单文件，路径为：B:\tsg\qiankun\qiankun-example\server\my_dom\node_modules\@hapi\hoek\lib\merge.js
检测到白名单文件，路径为：B:\tsg\qiankun\qiankun-example\server\my_dom\node_modules\@hapi\hoek\lib\once.js
检测到白名单文件，路径为：B:\tsg\qiankun\qiankun-example\server\my_dom\node_modules\@hapi\hoek\lib\reach.js
检测到白名单文件，路径为：B:\tsg\qiankun\qiankun-example\server\my_dom\node_modules\@hapi\hoek\lib\reachTemplate.js
检测到白名单文件，路径为：B:\tsg\qiankun\qiankun-example\server\my_dom\node_modules\@hapi\hoek\lib\stringify.js
检测到白名单文件，路径为：B:\tsg\qiankun\qiankun-example\server\my_dom\node_modules\@hapi\hoek\lib\types.js
检测到白名单文件，路径为：B:\tsg\qiankun\qiankun-example\server\my_dom\node_modules\@hapi\hoek\lib\utils.js
检测到白名单文件，路径为：B:\tsg\qiankun\qiankun-example\server\my_dom\node_modules\@hapi\hoek\lib\wait.js
检测到白名单文件，路径为：B:\tsg\qiankun\qiankun-example\server\my_dom\node_modules\@hapi\hoek\package.json
检测到文件夹：B:\tsg\qiankun\qiankun-example\server\my_dom\node_modules\@hapi\joi
检测到文件夹：B:\tsg\qiankun\qiankun-example\server\my_dom\node_modules\@hapi\joi\dist
检测到白名单文件，路径为：B:\tsg\qiankun\qiankun-example\server\my_dom\node_modules\@hapi\joi\dist\joi-browser.min.js
检测到文件夹：B:\tsg\qiankun\qiankun-example\server\my_dom\node_modules\@hapi\joi\lib
检测到白名单文件，路径为：B:\tsg\qiankun\qiankun-example\server\my_dom\node_modules\@hapi\joi\lib\annotate.js
检测到白名单文件，路径为：B:\tsg\qiankun\qiankun-example\server\my_dom\node_modules\@hapi\joi\lib\base.js
检测到白名单文件，路径为：B:\tsg\qiankun\qiankun-example\server\my_dom\node_modules\@hapi\joi\lib\cache.js
检测到白名单文件，路径为：B:\tsg\qiankun\qiankun-example\server\my_dom\node_modules\@hapi\joi\lib\common.js
检测到白名单文件，路径为：B:\tsg\qiankun\qiankun-example\server\my_dom\node_modules\@hapi\joi\lib\compile.js
检测到白名单文件，路径为：B:\tsg\qiankun\qiankun-example\server\my_dom\node_modules\@hapi\joi\lib\errors.js
检测到白名单文件，路径为：B:\tsg\qiankun\qiankun-example\server\my_dom\node_modules\@hapi\joi\lib\extend.js
检测到白名单文件，路径为：B:\tsg\qiankun\qiankun-example\server\my_dom\node_modules\@hapi\joi\lib\index.js
检测到白名单文件，路径为：B:\tsg\qiankun\qiankun-example\server\my_dom\node_modules\@hapi\joi\lib\manifest.js
检测到白名单文件，路径为：B:\tsg\qiankun\qiankun-example\server\my_dom\node_modules\@hapi\joi\lib\messages.js
检测到白名单文件，路径为：B:\tsg\qiankun\qiankun-example\server\my_dom\node_modules\@hapi\joi\lib\modify.js
检测到白名单文件，路径为：B:\tsg\qiankun\qiankun-example\server\my_dom\node_modules\@hapi\joi\lib\ref.js
检测到白名单文件，路径为：B:\tsg\qiankun\qiankun-example\server\my_dom\node_modules\@hapi\joi\lib\schemas.js
检测到白名单文件，路径为：B:\tsg\qiankun\qiankun-example\server\my_dom\node_modules\@hapi\joi\lib\state.js
检测到白名单文件，路径为：B:\tsg\qiankun\qiankun-example\server\my_dom\node_modules\@hapi\joi\lib\template.js
检测到白名单文件，路径为：B:\tsg\qiankun\qiankun-example\server\my_dom\node_modules\@hapi\joi\lib\trace.js
检测到文件夹：B:\tsg\qiankun\qiankun-example\server\my_dom\node_modules\@hapi\joi\lib\types
检测到白名单文件，路径为：B:\tsg\qiankun\qiankun-example\server\my_dom\node_modules\@hapi\joi\lib\types\alternatives.js
检测到白名单文件，路径为：B:\tsg\qiankun\qiankun-example\server\my_dom\node_modules\@hapi\joi\lib\types\any.js
检测到白名单文件，路径为：B:\tsg\qiankun\qiankun-example\server\my_dom\node_modules\@hapi\joi\lib\types\array.js
检测到白名单文件，路径为：B:\tsg\qiankun\qiankun-example\server\my_dom\node_modules\@hapi\joi\lib\types\binary.js
检测到白名单文件，路径为：B:\tsg\qiankun\qiankun-example\server\my_dom\node_modules\@hapi\joi\lib\types\boolean.js
检测到白名单文件，路径为：B:\tsg\qiankun\qiankun-example\server\my_dom\node_modules\@hapi\joi\lib\types\date.js
检测到白名单文件，路径为：B:\tsg\qiankun\qiankun-example\server\my_dom\node_modules\@hapi\joi\lib\types\function.js
检测到白名单文件，路径为：B:\tsg\qiankun\qiankun-example\server\my_dom\node_modules\@hapi\joi\lib\types\keys.js
检测到白名单文件，路径为：B:\tsg\qiankun\qiankun-example\server\my_dom\node_modules\@hapi\joi\lib\types\link.js
检测到白名单文件，路径为：B:\tsg\qiankun\qiankun-example\server\my_dom\node_modules\@hapi\joi\lib\types\number.js
检测到白名单文件，路径为：B:\tsg\qiankun\qiankun-example\server\my_dom\node_modules\@hapi\joi\lib\types\object.js
检测到白名单文件，路径为：B:\tsg\qiankun\qiankun-example\server\my_dom\node_modules\@hapi\joi\lib\types\string.js
检测到白名单文件，路径为：B:\tsg\qiankun\qiankun-example\server\my_dom\node_modules\@hapi\joi\lib\types\symbol.js
检测到白名单文件，路径为：B:\tsg\qiankun\qiankun-example\server\my_dom\node_modules\@hapi\joi\lib\validator.js
检测到白名单文件，路径为：B:\tsg\qiankun\qiankun-example\server\my_dom\node_modules\@hapi\joi\lib\values.js
检测到白名单文件，路径为：B:\tsg\qiankun\qiankun-example\server\my_dom\node_modules\@hapi\joi\package.json
检测到文件夹：B:\tsg\qiankun\qiankun-example\server\my_dom\node_modules\@hapi\pinpoint
检测到文件夹：B:\tsg\qiankun\qiankun-example\server\my_dom\node_modules\@hapi\pinpoint\lib
检测到白名单文件，路径为：B:\tsg\qiankun\qiankun-example\server\my_dom\node_modules\@hapi\pinpoint\lib\index.js
检测到白名单文件，路径为：B:\tsg\qiankun\qiankun-example\server\my_dom\node_modules\@hapi\pinpoint\package.json
检测到文件夹：B:\tsg\qiankun\qiankun-example\server\my_dom\node_modules\@hapi\topo
检测到文件夹：B:\tsg\qiankun\qiankun-example\server\my_dom\node_modules\@hapi\topo\lib
检测到白名单文件，路径为：B:\tsg\qiankun\qiankun-example\server\my_dom\node_modules\@hapi\topo\lib\index.js
检测到白名单文件，路径为：B:\tsg\qiankun\qiankun-example\server\my_dom\node_modules\@hapi\topo\package.json
检测到文件夹：B:\tsg\qiankun\qiankun-example\server\my_dom\node_modules\@sideway
检测到文件夹：B:\tsg\qiankun\qiankun-example\server\my_dom\node_modules\@sideway\address
检测到文件夹：B:\tsg\qiankun\qiankun-example\server\my_dom\node_modules\@sideway\address\lib
检测到白名单文件，路径为：B:\tsg\qiankun\qiankun-example\server\my_dom\node_modules\@sideway\address\lib\decode.js
检测到白名单文件，路径为：B:\tsg\qiankun\qiankun-example\server\my_dom\node_modules\@sideway\address\lib\domain.js
检测到白名单文件，路径为：B:\tsg\qiankun\qiankun-example\server\my_dom\node_modules\@sideway\address\lib\email.js
检测到白名单文件，路径为：B:\tsg\qiankun\qiankun-example\server\my_dom\node_modules\@sideway\address\lib\errors.js
检测到白名单文件，路径为：B:\tsg\qiankun\qiankun-example\server\my_dom\node_modules\@sideway\address\lib\index.js
检测到白名单文件，路径为：B:\tsg\qiankun\qiankun-example\server\my_dom\node_modules\@sideway\address\lib\ip.js
检测到白名单文件，路径为：B:\tsg\qiankun\qiankun-example\server\my_dom\node_modules\@sideway\address\lib\tlds.js
检测到白名单文件，路径为：B:\tsg\qiankun\qiankun-example\server\my_dom\node_modules\@sideway\address\lib\uri.js
检测到白名单文件，路径为：B:\tsg\qiankun\qiankun-example\server\my_dom\node_modules\@sideway\address\package.json
检测到文件夹：B:\tsg\qiankun\qiankun-example\server\my_dom\node_modules\@sideway\formula
检测到文件夹：B:\tsg\qiankun\qiankun-example\server\my_dom\node_modules\@sideway\formula\lib
检测到白名单文件，路径为：B:\tsg\qiankun\qiankun-example\server\my_dom\node_modules\@sideway\formula\lib\index.js
检测到白名单文件，路径为：B:\tsg\qiankun\qiankun-example\server\my_dom\node_modules\@sideway\formula\package.json
检测到文件夹：B:\tsg\qiankun\qiankun-example\server\my_dom\node_modules\@sideway\pinpoint
检测到文件夹：B:\tsg\qiankun\qiankun-example\server\my_dom\node_modules\@sideway\pinpoint\lib
检测到白名单文件，路径为：B:\tsg\qiankun\qiankun-example\server\my_dom\node_modules\@sideway\pinpoint\lib\index.js
检测到白名单文件，路径为：B:\tsg\qiankun\qiankun-example\server\my_dom\node_modules\@sideway\pinpoint\package.json
检测到文件夹：B:\tsg\qiankun\qiankun-example\server\my_dom\node_modules\@types
检测到文件夹：B:\tsg\qiankun\qiankun-example\server\my_dom\node_modules\@types\jsonwebtoken
检测到白名单文件，路径为：B:\tsg\qiankun\qiankun-example\server\my_dom\node_modules\@types\jsonwebtoken\package.json
检测到文件夹：B:\tsg\qiankun\qiankun-example\server\my_dom\node_modules\@types\node
检测到文件夹：B:\tsg\qiankun\qiankun-example\server\my_dom\node_modules\@types\node\assert
检测到文件夹：B:\tsg\qiankun\qiankun-example\server\my_dom\node_modules\@types\node\dns
检测到文件夹：B:\tsg\qiankun\qiankun-example\server\my_dom\node_modules\@types\node\fs
检测到白名单文件，路径为：B:\tsg\qiankun\qiankun-example\server\my_dom\node_modules\@types\node\package.json
检测到文件夹：B:\tsg\qiankun\qiankun-example\server\my_dom\node_modules\@types\node\readline
检测到文件夹：B:\tsg\qiankun\qiankun-example\server\my_dom\node_modules\@types\node\stream
检测到文件夹：B:\tsg\qiankun\qiankun-example\server\my_dom\node_modules\@types\node\timers
检测到文件夹：B:\tsg\qiankun\qiankun-example\server\my_dom\node_modules\@types\node\ts4.8
检测到文件夹：B:\tsg\qiankun\qiankun-example\server\my_dom\node_modules\@types\node\ts4.8\assert
检测到文件夹：B:\tsg\qiankun\qiankun-example\server\my_dom\node_modules\@types\node\ts4.8\dns
检测到文件夹：B:\tsg\qiankun\qiankun-example\server\my_dom\node_modules\@types\node\ts4.8\fs
检测到文件夹：B:\tsg\qiankun\qiankun-example\server\my_dom\node_modules\@types\node\ts4.8\readline
检测到文件夹：B:\tsg\qiankun\qiankun-example\server\my_dom\node_modules\@types\node\ts4.8\stream
检测到文件夹：B:\tsg\qiankun\qiankun-example\server\my_dom\node_modules\@types\node\ts4.8\timers
检测到文件夹：B:\tsg\qiankun\qiankun-example\server\my_dom\node_modules\accepts
检测到白名单文件，路径为：B:\tsg\qiankun\qiankun-example\server\my_dom\node_modules\accepts\index.js
检测到白名单文件，路径为：B:\tsg\qiankun\qiankun-example\server\my_dom\node_modules\accepts\package.json
检测到文件夹：B:\tsg\qiankun\qiankun-example\server\my_dom\node_modules\array-flatten
检测到白名单文件，路径为：B:\tsg\qiankun\qiankun-example\server\my_dom\node_modules\array-flatten\array-flatten.js
检测到白名单文件，路径为：B:\tsg\qiankun\qiankun-example\server\my_dom\node_modules\array-flatten\package.json
检测到文件夹：B:\tsg\qiankun\qiankun-example\server\my_dom\node_modules\available-typed-arrays
检测到文件夹：B:\tsg\qiankun\qiankun-example\server\my_dom\node_modules\available-typed-arrays\.github
检测到白名单文件，路径为：B:\tsg\qiankun\qiankun-example\server\my_dom\node_modules\available-typed-arrays\index.js
检测到白名单文件，路径为：B:\tsg\qiankun\qiankun-example\server\my_dom\node_modules\available-typed-arrays\package.json
检测到文件夹：B:\tsg\qiankun\qiankun-example\server\my_dom\node_modules\available-typed-arrays\test
检测到白名单文件，路径为：B:\tsg\qiankun\qiankun-example\server\my_dom\node_modules\available-typed-arrays\test\index.js
检测到文件夹：B:\tsg\qiankun\qiankun-example\server\my_dom\node_modules\bcryptjs
检测到文件夹：B:\tsg\qiankun\qiankun-example\server\my_dom\node_modules\bcryptjs\.vscode
检测到白名单文件，路径为：B:\tsg\qiankun\qiankun-example\server\my_dom\node_modules\bcryptjs\.vscode\settings.json
检测到文件夹：B:\tsg\qiankun\qiankun-example\server\my_dom\node_modules\bcryptjs\bin
检测到白名单文件，路径为：B:\tsg\qiankun\qiankun-example\server\my_dom\node_modules\bcryptjs\bower.json
检测到文件夹：B:\tsg\qiankun\qiankun-example\server\my_dom\node_modules\bcryptjs\dist
检测到白名单文件，路径为：B:\tsg\qiankun\qiankun-example\server\my_dom\node_modules\bcryptjs\dist\bcrypt.js
检测到白名单文件，路径为：B:\tsg\qiankun\qiankun-example\server\my_dom\node_modules\bcryptjs\dist\bcrypt.min.js
检测到文件夹：B:\tsg\qiankun\qiankun-example\server\my_dom\node_modules\bcryptjs\externs
检测到白名单文件，路径为：B:\tsg\qiankun\qiankun-example\server\my_dom\node_modules\bcryptjs\externs\bcrypt.js
检测到白名单文件，路径为：B:\tsg\qiankun\qiankun-example\server\my_dom\node_modules\bcryptjs\externs\minimal-env.js
检测到白名单文件，路径为：B:\tsg\qiankun\qiankun-example\server\my_dom\node_modules\bcryptjs\index.js
检测到白名单文件，路径为：B:\tsg\qiankun\qiankun-example\server\my_dom\node_modules\bcryptjs\package.json
检测到文件夹：B:\tsg\qiankun\qiankun-example\server\my_dom\node_modules\bcryptjs\scripts
检测到白名单文件，路径为：B:\tsg\qiankun\qiankun-example\server\my_dom\node_modules\bcryptjs\scripts\build.js
检测到文件夹：B:\tsg\qiankun\qiankun-example\server\my_dom\node_modules\bcryptjs\src
检测到文件夹：B:\tsg\qiankun\qiankun-example\server\my_dom\node_modules\bcryptjs\src\bcrypt
检测到白名单文件，路径为：B:\tsg\qiankun\qiankun-example\server\my_dom\node_modules\bcryptjs\src\bcrypt\impl.js
检测到文件夹：B:\tsg\qiankun\qiankun-example\server\my_dom\node_modules\bcryptjs\src\bcrypt\prng
检测到白名单文件，路径为：B:\tsg\qiankun\qiankun-example\server\my_dom\node_modules\bcryptjs\src\bcrypt\prng\accum.js
检测到白名单文件，路径为：B:\tsg\qiankun\qiankun-example\server\my_dom\node_modules\bcryptjs\src\bcrypt\prng\isaac.js
检测到文件夹：B:\tsg\qiankun\qiankun-example\server\my_dom\node_modules\bcryptjs\src\bcrypt\util
检测到白名单文件，路径为：B:\tsg\qiankun\qiankun-example\server\my_dom\node_modules\bcryptjs\src\bcrypt\util\base64.js
检测到白名单文件，路径为：B:\tsg\qiankun\qiankun-example\server\my_dom\node_modules\bcryptjs\src\bcrypt\util.js
检测到白名单文件，路径为：B:\tsg\qiankun\qiankun-example\server\my_dom\node_modules\bcryptjs\src\bcrypt.js
检测到白名单文件，路径为：B:\tsg\qiankun\qiankun-example\server\my_dom\node_modules\bcryptjs\src\bower.json
检测到白名单文件，路径为：B:\tsg\qiankun\qiankun-example\server\my_dom\node_modules\bcryptjs\src\wrap.js
检测到文件夹：B:\tsg\qiankun\qiankun-example\server\my_dom\node_modules\bcryptjs\tests
检测到白名单文件，路径为：B:\tsg\qiankun\qiankun-example\server\my_dom\node_modules\bcryptjs\tests\suite.js
检测到文件夹：B:\tsg\qiankun\qiankun-example\server\my_dom\node_modules\bignumber.js
检测到白名单文件，路径为：B:\tsg\qiankun\qiankun-example\server\my_dom\node_modules\bignumber.js\bignumber.js
检测到白名单文件，路径为：B:\tsg\qiankun\qiankun-example\server\my_dom\node_modules\bignumber.js\bignumber.min.js
检测到文件夹：B:\tsg\qiankun\qiankun-example\server\my_dom\node_modules\bignumber.js\doc
检测到白名单文件，路径为：B:\tsg\qiankun\qiankun-example\server\my_dom\node_modules\bignumber.js\doc\API.html
检测到白名单文件，路径为：B:\tsg\qiankun\qiankun-example\server\my_dom\node_modules\bignumber.js\package.json
检测到文件夹：B:\tsg\qiankun\qiankun-example\server\my_dom\node_modules\body-parse
检测到白名单文件，路径为：B:\tsg\qiankun\qiankun-example\server\my_dom\node_modules\body-parse\package.json
检测到文件夹：B:\tsg\qiankun\qiankun-example\server\my_dom\node_modules\body-parser
检测到白名单文件，路径为：B:\tsg\qiankun\qiankun-example\server\my_dom\node_modules\body-parser\index.js
检测到文件夹：B:\tsg\qiankun\qiankun-example\server\my_dom\node_modules\body-parser\lib
检测到白名单文件，路径为：B:\tsg\qiankun\qiankun-example\server\my_dom\node_modules\body-parser\lib\read.js
检测到文件夹：B:\tsg\qiankun\qiankun-example\server\my_dom\node_modules\body-parser\lib\types
检测到白名单文件，路径为：B:\tsg\qiankun\qiankun-example\server\my_dom\node_modules\body-parser\lib\types\json.js
检测到白名单文件，路径为：B:\tsg\qiankun\qiankun-example\server\my_dom\node_modules\body-parser\lib\types\raw.js
检测到白名单文件，路径为：B:\tsg\qiankun\qiankun-example\server\my_dom\node_modules\body-parser\lib\types\text.js
检测到白名单文件，路径为：B:\tsg\qiankun\qiankun-example\server\my_dom\node_modules\body-parser\lib\types\urlencoded.js
检测到白名单文件，路径为：B:\tsg\qiankun\qiankun-example\server\my_dom\node_modules\body-parser\package.json
检测到文件夹：B:\tsg\qiankun\qiankun-example\server\my_dom\node_modules\buffer-equal-constant-time
检测到白名单文件，路径为：B:\tsg\qiankun\qiankun-example\server\my_dom\node_modules\buffer-equal-constant-time\index.js
检测到白名单文件，路径为：B:\tsg\qiankun\qiankun-example\server\my_dom\node_modules\buffer-equal-constant-time\package.json
检测到白名单文件，路径为：B:\tsg\qiankun\qiankun-example\server\my_dom\node_modules\buffer-equal-constant-time\test.js
检测到文件夹：B:\tsg\qiankun\qiankun-example\server\my_dom\node_modules\bytes
检测到白名单文件，路径为：B:\tsg\qiankun\qiankun-example\server\my_dom\node_modules\bytes\index.js
检测到白名单文件，路径为：B:\tsg\qiankun\qiankun-example\server\my_dom\node_modules\bytes\package.json
检测到文件夹：B:\tsg\qiankun\qiankun-example\server\my_dom\node_modules\call-bind
检测到文件夹：B:\tsg\qiankun\qiankun-example\server\my_dom\node_modules\call-bind\.github
检测到白名单文件，路径为：B:\tsg\qiankun\qiankun-example\server\my_dom\node_modules\call-bind\callBound.js
检测到白名单文件，路径为：B:\tsg\qiankun\qiankun-example\server\my_dom\node_modules\call-bind\index.js
检测到白名单文件，路径为：B:\tsg\qiankun\qiankun-example\server\my_dom\node_modules\call-bind\package.json
检测到文件夹：B:\tsg\qiankun\qiankun-example\server\my_dom\node_modules\call-bind\test
检测到白名单文件，路径为：B:\tsg\qiankun\qiankun-example\server\my_dom\node_modules\call-bind\test\callBound.js
检测到白名单文件，路径为：B:\tsg\qiankun\qiankun-example\server\my_dom\node_modules\call-bind\test\index.js
检测到文件夹：B:\tsg\qiankun\qiankun-example\server\my_dom\node_modules\content-disposition
检测到白名单文件，路径为：B:\tsg\qiankun\qiankun-example\server\my_dom\node_modules\content-disposition\index.js
检测到文件夹：B:\tsg\qiankun\qiankun-example\server\my_dom\node_modules\content-disposition\node_modules
检测到文件夹：B:\tsg\qiankun\qiankun-example\server\my_dom\node_modules\content-disposition\node_modules\safe-buffer
检测到白名单文件，路径为：B:\tsg\qiankun\qiankun-example\server\my_dom\node_modules\content-disposition\node_modules\safe-buffer\index.js
检测到白名单文件，路径为：B:\tsg\qiankun\qiankun-example\server\my_dom\node_modules\content-disposition\node_modules\safe-buffer\package.json
检测到白名单文件，路径为：B:\tsg\qiankun\qiankun-example\server\my_dom\node_modules\content-disposition\package.json
检测到文件夹：B:\tsg\qiankun\qiankun-example\server\my_dom\node_modules\content-type
检测到白名单文件，路径为：B:\tsg\qiankun\qiankun-example\server\my_dom\node_modules\content-type\index.js
检测到白名单文件，路径为：B:\tsg\qiankun\qiankun-example\server\my_dom\node_modules\content-type\package.json
检测到文件夹：B:\tsg\qiankun\qiankun-example\server\my_dom\node_modules\cookie
检测到白名单文件，路径为：B:\tsg\qiankun\qiankun-example\server\my_dom\node_modules\cookie\index.js
检测到白名单文件，路径为：B:\tsg\qiankun\qiankun-example\server\my_dom\node_modules\cookie\package.json
检测到文件夹：B:\tsg\qiankun\qiankun-example\server\my_dom\node_modules\cookie-signature
检测到白名单文件，路径为：B:\tsg\qiankun\qiankun-example\server\my_dom\node_modules\cookie-signature\index.js
检测到白名单文件，路径为：B:\tsg\qiankun\qiankun-example\server\my_dom\node_modules\cookie-signature\package.json
检测到文件夹：B:\tsg\qiankun\qiankun-example\server\my_dom\node_modules\core-util-is
检测到文件夹：B:\tsg\qiankun\qiankun-example\server\my_dom\node_modules\core-util-is\lib
检测到白名单文件，路径为：B:\tsg\qiankun\qiankun-example\server\my_dom\node_modules\core-util-is\lib\util.js
检测到白名单文件，路径为：B:\tsg\qiankun\qiankun-example\server\my_dom\node_modules\core-util-is\package.json
检测到文件夹：B:\tsg\qiankun\qiankun-example\server\my_dom\node_modules\cors
检测到文件夹：B:\tsg\qiankun\qiankun-example\server\my_dom\node_modules\cors\lib
检测到白名单文件，路径为：B:\tsg\qiankun\qiankun-example\server\my_dom\node_modules\cors\lib\index.js
检测到白名单文件，路径为：B:\tsg\qiankun\qiankun-example\server\my_dom\node_modules\cors\package.json
检测到文件夹：B:\tsg\qiankun\qiankun-example\server\my_dom\node_modules\debug
检测到白名单文件，路径为：B:\tsg\qiankun\qiankun-example\server\my_dom\node_modules\debug\component.json
检测到白名单文件，路径为：B:\tsg\qiankun\qiankun-example\server\my_dom\node_modules\debug\karma.conf.js
检测到白名单文件，路径为：B:\tsg\qiankun\qiankun-example\server\my_dom\node_modules\debug\node.js
检测到白名单文件，路径为：B:\tsg\qiankun\qiankun-example\server\my_dom\node_modules\debug\package.json
检测到文件夹：B:\tsg\qiankun\qiankun-example\server\my_dom\node_modules\debug\src
检测到白名单文件，路径为：B:\tsg\qiankun\qiankun-example\server\my_dom\node_modules\debug\src\browser.js
检测到白名单文件，路径为：B:\tsg\qiankun\qiankun-example\server\my_dom\node_modules\debug\src\debug.js
检测到白名单文件，路径为：B:\tsg\qiankun\qiankun-example\server\my_dom\node_modules\debug\src\index.js
检测到白名单文件，路径为：B:\tsg\qiankun\qiankun-example\server\my_dom\node_modules\debug\src\inspector-log.js
检测到白名单文件，路径为：B:\tsg\qiankun\qiankun-example\server\my_dom\node_modules\debug\src\node.js
检测到文件夹：B:\tsg\qiankun\qiankun-example\server\my_dom\node_modules\depd
检测到白名单文件，路径为：B:\tsg\qiankun\qiankun-example\server\my_dom\node_modules\depd\index.js
检测到文件夹：B:\tsg\qiankun\qiankun-example\server\my_dom\node_modules\depd\lib
检测到文件夹：B:\tsg\qiankun\qiankun-example\server\my_dom\node_modules\depd\lib\browser
检测到白名单文件，路径为：B:\tsg\qiankun\qiankun-example\server\my_dom\node_modules\depd\lib\browser\index.js
检测到白名单文件，路径为：B:\tsg\qiankun\qiankun-example\server\my_dom\node_modules\depd\package.json
检测到文件夹：B:\tsg\qiankun\qiankun-example\server\my_dom\node_modules\destroy
检测到白名单文件，路径为：B:\tsg\qiankun\qiankun-example\server\my_dom\node_modules\destroy\index.js
检测到白名单文件，路径为：B:\tsg\qiankun\qiankun-example\server\my_dom\node_modules\destroy\package.json
检测到文件夹：B:\tsg\qiankun\qiankun-example\server\my_dom\node_modules\ecdsa-sig-formatter
检测到白名单文件，路径为：B:\tsg\qiankun\qiankun-example\server\my_dom\node_modules\ecdsa-sig-formatter\package.json
检测到文件夹：B:\tsg\qiankun\qiankun-example\server\my_dom\node_modules\ecdsa-sig-formatter\src
检测到白名单文件，路径为：B:\tsg\qiankun\qiankun-example\server\my_dom\node_modules\ecdsa-sig-formatter\src\ecdsa-sig-formatter.js
检测到白名单文件，路径为：B:\tsg\qiankun\qiankun-example\server\my_dom\node_modules\ecdsa-sig-formatter\src\param-bytes-for-alg.js
检测到文件夹：B:\tsg\qiankun\qiankun-example\server\my_dom\node_modules\ee-first
检测到白名单文件，路径为：B:\tsg\qiankun\qiankun-example\server\my_dom\node_modules\ee-first\index.js
检测到白名单文件，路径为：B:\tsg\qiankun\qiankun-example\server\my_dom\node_modules\ee-first\package.json
检测到文件夹：B:\tsg\qiankun\qiankun-example\server\my_dom\node_modules\encodeurl
检测到白名单文件，路径为：B:\tsg\qiankun\qiankun-example\server\my_dom\node_modules\encodeurl\index.js
检测到白名单文件，路径为：B:\tsg\qiankun\qiankun-example\server\my_dom\node_modules\encodeurl\package.json
检测到文件夹：B:\tsg\qiankun\qiankun-example\server\my_dom\node_modules\escape-html
检测到白名单文件，路径为：B:\tsg\qiankun\qiankun-example\server\my_dom\node_modules\escape-html\index.js
检测到白名单文件，路径为：B:\tsg\qiankun\qiankun-example\server\my_dom\node_modules\escape-html\package.json
检测到文件夹：B:\tsg\qiankun\qiankun-example\server\my_dom\node_modules\etag
检测到白名单文件，路径为：B:\tsg\qiankun\qiankun-example\server\my_dom\node_modules\etag\index.js
检测到白名单文件，路径为：B:\tsg\qiankun\qiankun-example\server\my_dom\node_modules\etag\package.json
检测到文件夹：B:\tsg\qiankun\qiankun-example\server\my_dom\node_modules\express
检测到白名单文件，路径为：B:\tsg\qiankun\qiankun-example\server\my_dom\node_modules\express\index.js
检测到文件夹：B:\tsg\qiankun\qiankun-example\server\my_dom\node_modules\express\lib
检测到白名单文件，路径为：B:\tsg\qiankun\qiankun-example\server\my_dom\node_modules\express\lib\application.js
检测到白名单文件，路径为：B:\tsg\qiankun\qiankun-example\server\my_dom\node_modules\express\lib\express.js
检测到文件夹：B:\tsg\qiankun\qiankun-example\server\my_dom\node_modules\express\lib\middleware
检测到白名单文件，路径为：B:\tsg\qiankun\qiankun-example\server\my_dom\node_modules\express\lib\middleware\init.js
检测到白名单文件，路径为：B:\tsg\qiankun\qiankun-example\server\my_dom\node_modules\express\lib\middleware\query.js
检测到白名单文件，路径为：B:\tsg\qiankun\qiankun-example\server\my_dom\node_modules\express\lib\request.js
检测到白名单文件，路径为：B:\tsg\qiankun\qiankun-example\server\my_dom\node_modules\express\lib\response.js
检测到文件夹：B:\tsg\qiankun\qiankun-example\server\my_dom\node_modules\express\lib\router
检测到白名单文件，路径为：B:\tsg\qiankun\qiankun-example\server\my_dom\node_modules\express\lib\router\index.js
检测到白名单文件，路径为：B:\tsg\qiankun\qiankun-example\server\my_dom\node_modules\express\lib\router\layer.js
检测到白名单文件，路径为：B:\tsg\qiankun\qiankun-example\server\my_dom\node_modules\express\lib\router\route.js
检测到白名单文件，路径为：B:\tsg\qiankun\qiankun-example\server\my_dom\node_modules\express\lib\utils.js
检测到白名单文件，路径为：B:\tsg\qiankun\qiankun-example\server\my_dom\node_modules\express\lib\view.js
检测到文件夹：B:\tsg\qiankun\qiankun-example\server\my_dom\node_modules\express\node_modules
检测到文件夹：B:\tsg\qiankun\qiankun-example\server\my_dom\node_modules\express\node_modules\safe-buffer
检测到白名单文件，路径为：B:\tsg\qiankun\qiankun-example\server\my_dom\node_modules\express\node_modules\safe-buffer\index.js
检测到白名单文件，路径为：B:\tsg\qiankun\qiankun-example\server\my_dom\node_modules\express\node_modules\safe-buffer\package.json
检测到白名单文件，路径为：B:\tsg\qiankun\qiankun-example\server\my_dom\node_modules\express\package.json
检测到文件夹：B:\tsg\qiankun\qiankun-example\server\my_dom\node_modules\express-jwt
检测到文件夹：B:\tsg\qiankun\qiankun-example\server\my_dom\node_modules\express-jwt\dist
检测到文件夹：B:\tsg\qiankun\qiankun-example\server\my_dom\node_modules\express-jwt\dist\errors
检测到白名单文件，路径为：B:\tsg\qiankun\qiankun-example\server\my_dom\node_modules\express-jwt\dist\errors\UnauthorizedError.js
检测到白名单文件，路径为：B:\tsg\qiankun\qiankun-example\server\my_dom\node_modules\express-jwt\dist\index.js
检测到白名单文件，路径为：B:\tsg\qiankun\qiankun-example\server\my_dom\node_modules\express-jwt\package.json
检测到文件夹：B:\tsg\qiankun\qiankun-example\server\my_dom\node_modules\express-unless
检测到文件夹：B:\tsg\qiankun\qiankun-example\server\my_dom\node_modules\express-unless\dist
检测到白名单文件，路径为：B:\tsg\qiankun\qiankun-example\server\my_dom\node_modules\express-unless\dist\index.js
检测到白名单文件，路径为：B:\tsg\qiankun\qiankun-example\server\my_dom\node_modules\express-unless\package.json
检测到文件夹：B:\tsg\qiankun\qiankun-example\server\my_dom\node_modules\finalhandler
检测到白名单文件，路径为：B:\tsg\qiankun\qiankun-example\server\my_dom\node_modules\finalhandler\index.js
检测到白名单文件，路径为：B:\tsg\qiankun\qiankun-example\server\my_dom\node_modules\finalhandler\package.json
检测到文件夹：B:\tsg\qiankun\qiankun-example\server\my_dom\node_modules\for-each
检测到白名单文件，路径为：B:\tsg\qiankun\qiankun-example\server\my_dom\node_modules\for-each\index.js
检测到白名单文件，路径为：B:\tsg\qiankun\qiankun-example\server\my_dom\node_modules\for-each\package.json
检测到文件夹：B:\tsg\qiankun\qiankun-example\server\my_dom\node_modules\for-each\test
检测到白名单文件，路径为：B:\tsg\qiankun\qiankun-example\server\my_dom\node_modules\for-each\test\test.js
检测到文件夹：B:\tsg\qiankun\qiankun-example\server\my_dom\node_modules\forwarded
检测到白名单文件，路径为：B:\tsg\qiankun\qiankun-example\server\my_dom\node_modules\forwarded\index.js
检测到白名单文件，路径为：B:\tsg\qiankun\qiankun-example\server\my_dom\node_modules\forwarded\package.json
检测到文件夹：B:\tsg\qiankun\qiankun-example\server\my_dom\node_modules\fresh
检测到白名单文件，路径为：B:\tsg\qiankun\qiankun-example\server\my_dom\node_modules\fresh\index.js
检测到白名单文件，路径为：B:\tsg\qiankun\qiankun-example\server\my_dom\node_modules\fresh\package.json
检测到文件夹：B:\tsg\qiankun\qiankun-example\server\my_dom\node_modules\function-bind
检测到白名单文件，路径为：B:\tsg\qiankun\qiankun-example\server\my_dom\node_modules\function-bind\.jscs.json
检测到白名单文件，路径为：B:\tsg\qiankun\qiankun-example\server\my_dom\node_modules\function-bind\implementation.js
检测到白名单文件，路径为：B:\tsg\qiankun\qiankun-example\server\my_dom\node_modules\function-bind\index.js
检测到白名单文件，路径为：B:\tsg\qiankun\qiankun-example\server\my_dom\node_modules\function-bind\package.json
检测到文件夹：B:\tsg\qiankun\qiankun-example\server\my_dom\node_modules\function-bind\test
检测到白名单文件，路径为：B:\tsg\qiankun\qiankun-example\server\my_dom\node_modules\function-bind\test\index.js
检测到文件夹：B:\tsg\qiankun\qiankun-example\server\my_dom\node_modules\get-intrinsic
检测到文件夹：B:\tsg\qiankun\qiankun-example\server\my_dom\node_modules\get-intrinsic\.github
检测到白名单文件，路径为：B:\tsg\qiankun\qiankun-example\server\my_dom\node_modules\get-intrinsic\index.js
检测到白名单文件，路径为：B:\tsg\qiankun\qiankun-example\server\my_dom\node_modules\get-intrinsic\package.json
检测到文件夹：B:\tsg\qiankun\qiankun-example\server\my_dom\node_modules\get-intrinsic\test
检测到白名单文件，路径为：B:\tsg\qiankun\qiankun-example\server\my_dom\node_modules\get-intrinsic\test\GetIntrinsic.js
检测到文件夹：B:\tsg\qiankun\qiankun-example\server\my_dom\node_modules\gopd
检测到文件夹：B:\tsg\qiankun\qiankun-example\server\my_dom\node_modules\gopd\.github
检测到白名单文件，路径为：B:\tsg\qiankun\qiankun-example\server\my_dom\node_modules\gopd\index.js
检测到白名单文件，路径为：B:\tsg\qiankun\qiankun-example\server\my_dom\node_modules\gopd\package.json
检测到文件夹：B:\tsg\qiankun\qiankun-example\server\my_dom\node_modules\gopd\test
检测到白名单文件，路径为：B:\tsg\qiankun\qiankun-example\server\my_dom\node_modules\gopd\test\index.js
检测到文件夹：B:\tsg\qiankun\qiankun-example\server\my_dom\node_modules\has
检测到白名单文件，路径为：B:\tsg\qiankun\qiankun-example\server\my_dom\node_modules\has\package.json
检测到文件夹：B:\tsg\qiankun\qiankun-example\server\my_dom\node_modules\has\src
检测到白名单文件，路径为：B:\tsg\qiankun\qiankun-example\server\my_dom\node_modules\has\src\index.js
检测到文件夹：B:\tsg\qiankun\qiankun-example\server\my_dom\node_modules\has\test
检测到白名单文件，路径为：B:\tsg\qiankun\qiankun-example\server\my_dom\node_modules\has\test\index.js
检测到文件夹：B:\tsg\qiankun\qiankun-example\server\my_dom\node_modules\has-symbols
检测到文件夹：B:\tsg\qiankun\qiankun-example\server\my_dom\node_modules\has-symbols\.github
检测到白名单文件，路径为：B:\tsg\qiankun\qiankun-example\server\my_dom\node_modules\has-symbols\index.js
检测到白名单文件，路径为：B:\tsg\qiankun\qiankun-example\server\my_dom\node_modules\has-symbols\package.json
检测到白名单文件，路径为：B:\tsg\qiankun\qiankun-example\server\my_dom\node_modules\has-symbols\shams.js
检测到文件夹：B:\tsg\qiankun\qiankun-example\server\my_dom\node_modules\has-symbols\test
检测到白名单文件，路径为：B:\tsg\qiankun\qiankun-example\server\my_dom\node_modules\has-symbols\test\index.js
检测到文件夹：B:\tsg\qiankun\qiankun-example\server\my_dom\node_modules\has-symbols\test\shams
检测到白名单文件，路径为：B:\tsg\qiankun\qiankun-example\server\my_dom\node_modules\has-symbols\test\shams\core-js.js
检测到白名单文件，路径为：B:\tsg\qiankun\qiankun-example\server\my_dom\node_modules\has-symbols\test\shams\get-own-property-symbols.js
检测到白名单文件，路径为：B:\tsg\qiankun\qiankun-example\server\my_dom\node_modules\has-symbols\test\tests.js
检测到文件夹：B:\tsg\qiankun\qiankun-example\server\my_dom\node_modules\has-tostringtag
检测到文件夹：B:\tsg\qiankun\qiankun-example\server\my_dom\node_modules\has-tostringtag\.github
检测到白名单文件，路径为：B:\tsg\qiankun\qiankun-example\server\my_dom\node_modules\has-tostringtag\index.js
检测到白名单文件，路径为：B:\tsg\qiankun\qiankun-example\server\my_dom\node_modules\has-tostringtag\package.json
检测到白名单文件，路径为：B:\tsg\qiankun\qiankun-example\server\my_dom\node_modules\has-tostringtag\shams.js
检测到文件夹：B:\tsg\qiankun\qiankun-example\server\my_dom\node_modules\has-tostringtag\test
检测到白名单文件，路径为：B:\tsg\qiankun\qiankun-example\server\my_dom\node_modules\has-tostringtag\test\index.js
检测到文件夹：B:\tsg\qiankun\qiankun-example\server\my_dom\node_modules\has-tostringtag\test\shams
检测到白名单文件，路径为：B:\tsg\qiankun\qiankun-example\server\my_dom\node_modules\has-tostringtag\test\shams\core-js.js
检测到白名单文件，路径为：B:\tsg\qiankun\qiankun-example\server\my_dom\node_modules\has-tostringtag\test\shams\get-own-property-symbols.js
检测到白名单文件，路径为：B:\tsg\qiankun\qiankun-example\server\my_dom\node_modules\has-tostringtag\test\tests.js
检测到文件夹：B:\tsg\qiankun\qiankun-example\server\my_dom\node_modules\http-errors
检测到白名单文件，路径为：B:\tsg\qiankun\qiankun-example\server\my_dom\node_modules\http-errors\index.js
检测到白名单文件，路径为：B:\tsg\qiankun\qiankun-example\server\my_dom\node_modules\http-errors\package.json
检测到文件夹：B:\tsg\qiankun\qiankun-example\server\my_dom\node_modules\iconv-lite
检测到文件夹：B:\tsg\qiankun\qiankun-example\server\my_dom\node_modules\iconv-lite\encodings
检测到白名单文件，路径为：B:\tsg\qiankun\qiankun-example\server\my_dom\node_modules\iconv-lite\encodings\dbcs-codec.js
检测到白名单文件，路径为：B:\tsg\qiankun\qiankun-example\server\my_dom\node_modules\iconv-lite\encodings\dbcs-data.js
检测到白名单文件，路径为：B:\tsg\qiankun\qiankun-example\server\my_dom\node_modules\iconv-lite\encodings\index.js
检测到白名单文件，路径为：B:\tsg\qiankun\qiankun-example\server\my_dom\node_modules\iconv-lite\encodings\internal.js
检测到白名单文件，路径为：B:\tsg\qiankun\qiankun-example\server\my_dom\node_modules\iconv-lite\encodings\sbcs-codec.js
检测到白名单文件，路径为：B:\tsg\qiankun\qiankun-example\server\my_dom\node_modules\iconv-lite\encodings\sbcs-data-generated.js
检测到白名单文件，路径为：B:\tsg\qiankun\qiankun-example\server\my_dom\node_modules\iconv-lite\encodings\sbcs-data.js
检测到文件夹：B:\tsg\qiankun\qiankun-example\server\my_dom\node_modules\iconv-lite\encodings\tables
检测到白名单文件，路径为：B:\tsg\qiankun\qiankun-example\server\my_dom\node_modules\iconv-lite\encodings\tables\big5-added.json
检测到白名单文件，路径为：B:\tsg\qiankun\qiankun-example\server\my_dom\node_modules\iconv-lite\encodings\tables\cp936.json
检测到白名单文件，路径为：B:\tsg\qiankun\qiankun-example\server\my_dom\node_modules\iconv-lite\encodings\tables\cp949.json
检测到白名单文件，路径为：B:\tsg\qiankun\qiankun-example\server\my_dom\node_modules\iconv-lite\encodings\tables\cp950.json
检测到白名单文件，路径为：B:\tsg\qiankun\qiankun-example\server\my_dom\node_modules\iconv-lite\encodings\tables\eucjp.json
检测到白名单文件，路径为：B:\tsg\qiankun\qiankun-example\server\my_dom\node_modules\iconv-lite\encodings\tables\gb18030-ranges.json
检测到白名单文件，路径为：B:\tsg\qiankun\qiankun-example\server\my_dom\node_modules\iconv-lite\encodings\tables\gbk-added.json
检测到白名单文件，路径为：B:\tsg\qiankun\qiankun-example\server\my_dom\node_modules\iconv-lite\encodings\tables\shiftjis.json
检测到白名单文件，路径为：B:\tsg\qiankun\qiankun-example\server\my_dom\node_modules\iconv-lite\encodings\utf16.js
检测到白名单文件，路径为：B:\tsg\qiankun\qiankun-example\server\my_dom\node_modules\iconv-lite\encodings\utf7.js
检测到文件夹：B:\tsg\qiankun\qiankun-example\server\my_dom\node_modules\iconv-lite\lib
检测到白名单文件，路径为：B:\tsg\qiankun\qiankun-example\server\my_dom\node_modules\iconv-lite\lib\bom-handling.js
检测到白名单文件，路径为：B:\tsg\qiankun\qiankun-example\server\my_dom\node_modules\iconv-lite\lib\extend-node.js
检测到白名单文件，路径为：B:\tsg\qiankun\qiankun-example\server\my_dom\node_modules\iconv-lite\lib\index.js
检测到白名单文件，路径为：B:\tsg\qiankun\qiankun-example\server\my_dom\node_modules\iconv-lite\lib\streams.js
检测到白名单文件，路径为：B:\tsg\qiankun\qiankun-example\server\my_dom\node_modules\iconv-lite\package.json
检测到文件夹：B:\tsg\qiankun\qiankun-example\server\my_dom\node_modules\inherits
检测到白名单文件，路径为：B:\tsg\qiankun\qiankun-example\server\my_dom\node_modules\inherits\inherits.js
检测到白名单文件，路径为：B:\tsg\qiankun\qiankun-example\server\my_dom\node_modules\inherits\inherits_browser.js
检测到白名单文件，路径为：B:\tsg\qiankun\qiankun-example\server\my_dom\node_modules\inherits\package.json
检测到文件夹：B:\tsg\qiankun\qiankun-example\server\my_dom\node_modules\ipaddr.js
检测到白名单文件，路径为：B:\tsg\qiankun\qiankun-example\server\my_dom\node_modules\ipaddr.js\ipaddr.min.js
检测到文件夹：B:\tsg\qiankun\qiankun-example\server\my_dom\node_modules\ipaddr.js\lib
检测到白名单文件，路径为：B:\tsg\qiankun\qiankun-example\server\my_dom\node_modules\ipaddr.js\lib\ipaddr.js
检测到白名单文件，路径为：B:\tsg\qiankun\qiankun-example\server\my_dom\node_modules\ipaddr.js\package.json
检测到文件夹：B:\tsg\qiankun\qiankun-example\server\my_dom\node_modules\is-arguments
检测到文件夹：B:\tsg\qiankun\qiankun-example\server\my_dom\node_modules\is-arguments\.github
检测到白名单文件，路径为：B:\tsg\qiankun\qiankun-example\server\my_dom\node_modules\is-arguments\index.js
检测到白名单文件，路径为：B:\tsg\qiankun\qiankun-example\server\my_dom\node_modules\is-arguments\package.json
检测到文件夹：B:\tsg\qiankun\qiankun-example\server\my_dom\node_modules\is-arguments\test
检测到白名单文件，路径为：B:\tsg\qiankun\qiankun-example\server\my_dom\node_modules\is-arguments\test\index.js
检测到文件夹：B:\tsg\qiankun\qiankun-example\server\my_dom\node_modules\is-callable
检测到文件夹：B:\tsg\qiankun\qiankun-example\server\my_dom\node_modules\is-callable\.github
检测到白名单文件，路径为：B:\tsg\qiankun\qiankun-example\server\my_dom\node_modules\is-callable\index.js
检测到白名单文件，路径为：B:\tsg\qiankun\qiankun-example\server\my_dom\node_modules\is-callable\package.json
检测到文件夹：B:\tsg\qiankun\qiankun-example\server\my_dom\node_modules\is-callable\test
检测到白名单文件，路径为：B:\tsg\qiankun\qiankun-example\server\my_dom\node_modules\is-callable\test\index.js
检测到文件夹：B:\tsg\qiankun\qiankun-example\server\my_dom\node_modules\is-generator-function
检测到白名单文件，路径为：B:\tsg\qiankun\qiankun-example\server\my_dom\node_modules\is-generator-function\index.js
检测到白名单文件，路径为：B:\tsg\qiankun\qiankun-example\server\my_dom\node_modules\is-generator-function\package.json
检测到文件夹：B:\tsg\qiankun\qiankun-example\server\my_dom\node_modules\is-generator-function\test
检测到白名单文件，路径为：B:\tsg\qiankun\qiankun-example\server\my_dom\node_modules\is-generator-function\test\corejs.js
检测到白名单文件，路径为：B:\tsg\qiankun\qiankun-example\server\my_dom\node_modules\is-generator-function\test\index.js
检测到白名单文件，路径为：B:\tsg\qiankun\qiankun-example\server\my_dom\node_modules\is-generator-function\test\uglified.js
检测到文件夹：B:\tsg\qiankun\qiankun-example\server\my_dom\node_modules\is-typed-array
检测到文件夹：B:\tsg\qiankun\qiankun-example\server\my_dom\node_modules\is-typed-array\.github
检测到白名单文件，路径为：B:\tsg\qiankun\qiankun-example\server\my_dom\node_modules\is-typed-array\index.js
检测到白名单文件，路径为：B:\tsg\qiankun\qiankun-example\server\my_dom\node_modules\is-typed-array\package.json
检测到文件夹：B:\tsg\qiankun\qiankun-example\server\my_dom\node_modules\is-typed-array\test
检测到白名单文件，路径为：B:\tsg\qiankun\qiankun-example\server\my_dom\node_modules\is-typed-array\test\index.js
检测到文件夹：B:\tsg\qiankun\qiankun-example\server\my_dom\node_modules\isarray
检测到白名单文件，路径为：B:\tsg\qiankun\qiankun-example\server\my_dom\node_modules\isarray\component.json
检测到白名单文件，路径为：B:\tsg\qiankun\qiankun-example\server\my_dom\node_modules\isarray\index.js
检测到白名单文件，路径为：B:\tsg\qiankun\qiankun-example\server\my_dom\node_modules\isarray\package.json
检测到白名单文件，路径为：B:\tsg\qiankun\qiankun-example\server\my_dom\node_modules\isarray\test.js
检测到文件夹：B:\tsg\qiankun\qiankun-example\server\my_dom\node_modules\joi
检测到文件夹：B:\tsg\qiankun\qiankun-example\server\my_dom\node_modules\joi\dist
检测到白名单文件，路径为：B:\tsg\qiankun\qiankun-example\server\my_dom\node_modules\joi\dist\joi-browser.min.js
检测到文件夹：B:\tsg\qiankun\qiankun-example\server\my_dom\node_modules\joi\lib
检测到白名单文件，路径为：B:\tsg\qiankun\qiankun-example\server\my_dom\node_modules\joi\lib\annotate.js
检测到白名单文件，路径为：B:\tsg\qiankun\qiankun-example\server\my_dom\node_modules\joi\lib\base.js
检测到白名单文件，路径为：B:\tsg\qiankun\qiankun-example\server\my_dom\node_modules\joi\lib\cache.js
检测到白名单文件，路径为：B:\tsg\qiankun\qiankun-example\server\my_dom\node_modules\joi\lib\common.js
检测到白名单文件，路径为：B:\tsg\qiankun\qiankun-example\server\my_dom\node_modules\joi\lib\compile.js
检测到白名单文件，路径为：B:\tsg\qiankun\qiankun-example\server\my_dom\node_modules\joi\lib\errors.js
检测到白名单文件，路径为：B:\tsg\qiankun\qiankun-example\server\my_dom\node_modules\joi\lib\extend.js
检测到白名单文件，路径为：B:\tsg\qiankun\qiankun-example\server\my_dom\node_modules\joi\lib\index.js
检测到白名单文件，路径为：B:\tsg\qiankun\qiankun-example\server\my_dom\node_modules\joi\lib\manifest.js
检测到白名单文件，路径为：B:\tsg\qiankun\qiankun-example\server\my_dom\node_modules\joi\lib\messages.js
检测到白名单文件，路径为：B:\tsg\qiankun\qiankun-example\server\my_dom\node_modules\joi\lib\modify.js
检测到白名单文件，路径为：B:\tsg\qiankun\qiankun-example\server\my_dom\node_modules\joi\lib\ref.js
检测到白名单文件，路径为：B:\tsg\qiankun\qiankun-example\server\my_dom\node_modules\joi\lib\schemas.js
检测到白名单文件，路径为：B:\tsg\qiankun\qiankun-example\server\my_dom\node_modules\joi\lib\state.js
检测到白名单文件，路径为：B:\tsg\qiankun\qiankun-example\server\my_dom\node_modules\joi\lib\template.js
检测到白名单文件，路径为：B:\tsg\qiankun\qiankun-example\server\my_dom\node_modules\joi\lib\trace.js
检测到文件夹：B:\tsg\qiankun\qiankun-example\server\my_dom\node_modules\joi\lib\types
检测到白名单文件，路径为：B:\tsg\qiankun\qiankun-example\server\my_dom\node_modules\joi\lib\types\alternatives.js
检测到白名单文件，路径为：B:\tsg\qiankun\qiankun-example\server\my_dom\node_modules\joi\lib\types\any.js
检测到白名单文件，路径为：B:\tsg\qiankun\qiankun-example\server\my_dom\node_modules\joi\lib\types\array.js
检测到白名单文件，路径为：B:\tsg\qiankun\qiankun-example\server\my_dom\node_modules\joi\lib\types\binary.js
检测到白名单文件，路径为：B:\tsg\qiankun\qiankun-example\server\my_dom\node_modules\joi\lib\types\boolean.js
检测到白名单文件，路径为：B:\tsg\qiankun\qiankun-example\server\my_dom\node_modules\joi\lib\types\date.js
检测到白名单文件，路径为：B:\tsg\qiankun\qiankun-example\server\my_dom\node_modules\joi\lib\types\function.js
检测到白名单文件，路径为：B:\tsg\qiankun\qiankun-example\server\my_dom\node_modules\joi\lib\types\keys.js
检测到白名单文件，路径为：B:\tsg\qiankun\qiankun-example\server\my_dom\node_modules\joi\lib\types\link.js
检测到白名单文件，路径为：B:\tsg\qiankun\qiankun-example\server\my_dom\node_modules\joi\lib\types\number.js
检测到白名单文件，路径为：B:\tsg\qiankun\qiankun-example\server\my_dom\node_modules\joi\lib\types\object.js
检测到白名单文件，路径为：B:\tsg\qiankun\qiankun-example\server\my_dom\node_modules\joi\lib\types\string.js
检测到白名单文件，路径为：B:\tsg\qiankun\qiankun-example\server\my_dom\node_modules\joi\lib\types\symbol.js
检测到白名单文件，路径为：B:\tsg\qiankun\qiankun-example\server\my_dom\node_modules\joi\lib\validator.js
检测到白名单文件，路径为：B:\tsg\qiankun\qiankun-example\server\my_dom\node_modules\joi\lib\values.js
检测到白名单文件，路径为：B:\tsg\qiankun\qiankun-example\server\my_dom\node_modules\joi\package.json
检测到文件夹：B:\tsg\qiankun\qiankun-example\server\my_dom\node_modules\jsonwebtoken
检测到白名单文件，路径为：B:\tsg\qiankun\qiankun-example\server\my_dom\node_modules\jsonwebtoken\decode.js
检测到白名单文件，路径为：B:\tsg\qiankun\qiankun-example\server\my_dom\node_modules\jsonwebtoken\index.js
检测到文件夹：B:\tsg\qiankun\qiankun-example\server\my_dom\node_modules\jsonwebtoken\lib
检测到白名单文件，路径为：B:\tsg\qiankun\qiankun-example\server\my_dom\node_modules\jsonwebtoken\lib\JsonWebTokenError.js
检测到白名单文件，路径为：B:\tsg\qiankun\qiankun-example\server\my_dom\node_modules\jsonwebtoken\lib\NotBeforeError.js
检测到白名单文件，路径为：B:\tsg\qiankun\qiankun-example\server\my_dom\node_modules\jsonwebtoken\lib\psSupported.js
检测到白名单文件，路径为：B:\tsg\qiankun\qiankun-example\server\my_dom\node_modules\jsonwebtoken\lib\timespan.js
检测到白名单文件，路径为：B:\tsg\qiankun\qiankun-example\server\my_dom\node_modules\jsonwebtoken\lib\TokenExpiredError.js
检测到文件夹：B:\tsg\qiankun\qiankun-example\server\my_dom\node_modules\jsonwebtoken\node_modules
检测到文件夹：B:\tsg\qiankun\qiankun-example\server\my_dom\node_modules\jsonwebtoken\node_modules\ms
检测到白名单文件，路径为：B:\tsg\qiankun\qiankun-example\server\my_dom\node_modules\jsonwebtoken\node_modules\ms\index.js
检测到白名单文件，路径为：B:\tsg\qiankun\qiankun-example\server\my_dom\node_modules\jsonwebtoken\node_modules\ms\package.json
检测到白名单文件，路径为：B:\tsg\qiankun\qiankun-example\server\my_dom\node_modules\jsonwebtoken\package.json
检测到白名单文件，路径为：B:\tsg\qiankun\qiankun-example\server\my_dom\node_modules\jsonwebtoken\sign.js
检测到白名单文件，路径为：B:\tsg\qiankun\qiankun-example\server\my_dom\node_modules\jsonwebtoken\verify.js
检测到文件夹：B:\tsg\qiankun\qiankun-example\server\my_dom\node_modules\jwa
检测到白名单文件，路径为：B:\tsg\qiankun\qiankun-example\server\my_dom\node_modules\jwa\index.js
检测到白名单文件，路径为：B:\tsg\qiankun\qiankun-example\server\my_dom\node_modules\jwa\package.json
检测到文件夹：B:\tsg\qiankun\qiankun-example\server\my_dom\node_modules\jws
检测到白名单文件，路径为：B:\tsg\qiankun\qiankun-example\server\my_dom\node_modules\jws\index.js
检测到文件夹：B:\tsg\qiankun\qiankun-example\server\my_dom\node_modules\jws\lib
检测到白名单文件，路径为：B:\tsg\qiankun\qiankun-example\server\my_dom\node_modules\jws\lib\data-stream.js
检测到白名单文件，路径为：B:\tsg\qiankun\qiankun-example\server\my_dom\node_modules\jws\lib\sign-stream.js
检测到白名单文件，路径为：B:\tsg\qiankun\qiankun-example\server\my_dom\node_modules\jws\lib\tostring.js
检测到白名单文件，路径为：B:\tsg\qiankun\qiankun-example\server\my_dom\node_modules\jws\lib\verify-stream.js
检测到白名单文件，路径为：B:\tsg\qiankun\qiankun-example\server\my_dom\node_modules\jws\package.json
检测到文件夹：B:\tsg\qiankun\qiankun-example\server\my_dom\node_modules\lodash.includes
检测到白名单文件，路径为：B:\tsg\qiankun\qiankun-example\server\my_dom\node_modules\lodash.includes\index.js
检测到白名单文件，路径为：B:\tsg\qiankun\qiankun-example\server\my_dom\node_modules\lodash.includes\package.json
检测到文件夹：B:\tsg\qiankun\qiankun-example\server\my_dom\node_modules\lodash.isboolean
检测到白名单文件，路径为：B:\tsg\qiankun\qiankun-example\server\my_dom\node_modules\lodash.isboolean\index.js
检测到白名单文件，路径为：B:\tsg\qiankun\qiankun-example\server\my_dom\node_modules\lodash.isboolean\package.json
检测到文件夹：B:\tsg\qiankun\qiankun-example\server\my_dom\node_modules\lodash.isinteger
检测到白名单文件，路径为：B:\tsg\qiankun\qiankun-example\server\my_dom\node_modules\lodash.isinteger\index.js
检测到白名单文件，路径为：B:\tsg\qiankun\qiankun-example\server\my_dom\node_modules\lodash.isinteger\package.json
检测到文件夹：B:\tsg\qiankun\qiankun-example\server\my_dom\node_modules\lodash.isnumber
检测到白名单文件，路径为：B:\tsg\qiankun\qiankun-example\server\my_dom\node_modules\lodash.isnumber\index.js
检测到白名单文件，路径为：B:\tsg\qiankun\qiankun-example\server\my_dom\node_modules\lodash.isnumber\package.json
检测到文件夹：B:\tsg\qiankun\qiankun-example\server\my_dom\node_modules\lodash.isplainobject
检测到白名单文件，路径为：B:\tsg\qiankun\qiankun-example\server\my_dom\node_modules\lodash.isplainobject\index.js
检测到白名单文件，路径为：B:\tsg\qiankun\qiankun-example\server\my_dom\node_modules\lodash.isplainobject\package.json
检测到文件夹：B:\tsg\qiankun\qiankun-example\server\my_dom\node_modules\lodash.isstring
检测到白名单文件，路径为：B:\tsg\qiankun\qiankun-example\server\my_dom\node_modules\lodash.isstring\index.js
检测到白名单文件，路径为：B:\tsg\qiankun\qiankun-example\server\my_dom\node_modules\lodash.isstring\package.json
检测到文件夹：B:\tsg\qiankun\qiankun-example\server\my_dom\node_modules\lodash.once
检测到白名单文件，路径为：B:\tsg\qiankun\qiankun-example\server\my_dom\node_modules\lodash.once\index.js
检测到白名单文件，路径为：B:\tsg\qiankun\qiankun-example\server\my_dom\node_modules\lodash.once\package.json
检测到文件夹：B:\tsg\qiankun\qiankun-example\server\my_dom\node_modules\media-typer
检测到白名单文件，路径为：B:\tsg\qiankun\qiankun-example\server\my_dom\node_modules\media-typer\index.js
检测到白名单文件，路径为：B:\tsg\qiankun\qiankun-example\server\my_dom\node_modules\media-typer\package.json
检测到文件夹：B:\tsg\qiankun\qiankun-example\server\my_dom\node_modules\merge-descriptors
检测到白名单文件，路径为：B:\tsg\qiankun\qiankun-example\server\my_dom\node_modules\merge-descriptors\index.js
检测到白名单文件，路径为：B:\tsg\qiankun\qiankun-example\server\my_dom\node_modules\merge-descriptors\package.json
检测到文件夹：B:\tsg\qiankun\qiankun-example\server\my_dom\node_modules\methods
检测到白名单文件，路径为：B:\tsg\qiankun\qiankun-example\server\my_dom\node_modules\methods\index.js
检测到白名单文件，路径为：B:\tsg\qiankun\qiankun-example\server\my_dom\node_modules\methods\package.json
检测到文件夹：B:\tsg\qiankun\qiankun-example\server\my_dom\node_modules\mime
检测到白名单文件，路径为：B:\tsg\qiankun\qiankun-example\server\my_dom\node_modules\mime\cli.js
检测到白名单文件，路径为：B:\tsg\qiankun\qiankun-example\server\my_dom\node_modules\mime\mime.js
检测到白名单文件，路径为：B:\tsg\qiankun\qiankun-example\server\my_dom\node_modules\mime\package.json
检测到文件夹：B:\tsg\qiankun\qiankun-example\server\my_dom\node_modules\mime\src
检测到白名单文件，路径为：B:\tsg\qiankun\qiankun-example\server\my_dom\node_modules\mime\src\build.js
检测到白名单文件，路径为：B:\tsg\qiankun\qiankun-example\server\my_dom\node_modules\mime\src\test.js
检测到白名单文件，路径为：B:\tsg\qiankun\qiankun-example\server\my_dom\node_modules\mime\types.json
检测到文件夹：B:\tsg\qiankun\qiankun-example\server\my_dom\node_modules\mime-db
检测到白名单文件，路径为：B:\tsg\qiankun\qiankun-example\server\my_dom\node_modules\mime-db\db.json
检测到白名单文件，路径为：B:\tsg\qiankun\qiankun-example\server\my_dom\node_modules\mime-db\index.js
检测到白名单文件，路径为：B:\tsg\qiankun\qiankun-example\server\my_dom\node_modules\mime-db\package.json
检测到文件夹：B:\tsg\qiankun\qiankun-example\server\my_dom\node_modules\mime-types
检测到白名单文件，路径为：B:\tsg\qiankun\qiankun-example\server\my_dom\node_modules\mime-types\index.js
检测到白名单文件，路径为：B:\tsg\qiankun\qiankun-example\server\my_dom\node_modules\mime-types\package.json
检测到文件夹：B:\tsg\qiankun\qiankun-example\server\my_dom\node_modules\ms
检测到白名单文件，路径为：B:\tsg\qiankun\qiankun-example\server\my_dom\node_modules\ms\index.js
检测到白名单文件，路径为：B:\tsg\qiankun\qiankun-example\server\my_dom\node_modules\ms\package.json
检测到文件夹：B:\tsg\qiankun\qiankun-example\server\my_dom\node_modules\mysql
检测到白名单文件，路径为：B:\tsg\qiankun\qiankun-example\server\my_dom\node_modules\mysql\index.js
检测到文件夹：B:\tsg\qiankun\qiankun-example\server\my_dom\node_modules\mysql\lib
检测到白名单文件，路径为：B:\tsg\qiankun\qiankun-example\server\my_dom\node_modules\mysql\lib\Connection.js
检测到白名单文件，路径为：B:\tsg\qiankun\qiankun-example\server\my_dom\node_modules\mysql\lib\ConnectionConfig.js
检测到白名单文件，路径为：B:\tsg\qiankun\qiankun-example\server\my_dom\node_modules\mysql\lib\Pool.js
检测到白名单文件，路径为：B:\tsg\qiankun\qiankun-example\server\my_dom\node_modules\mysql\lib\PoolCluster.js
检测到白名单文件，路径为：B:\tsg\qiankun\qiankun-example\server\my_dom\node_modules\mysql\lib\PoolConfig.js
检测到白名单文件，路径为：B:\tsg\qiankun\qiankun-example\server\my_dom\node_modules\mysql\lib\PoolConnection.js
检测到白名单文件，路径为：B:\tsg\qiankun\qiankun-example\server\my_dom\node_modules\mysql\lib\PoolNamespace.js
检测到白名单文件，路径为：B:\tsg\qiankun\qiankun-example\server\my_dom\node_modules\mysql\lib\PoolSelector.js
检测到文件夹：B:\tsg\qiankun\qiankun-example\server\my_dom\node_modules\mysql\lib\protocol
检测到白名单文件，路径为：B:\tsg\qiankun\qiankun-example\server\my_dom\node_modules\mysql\lib\protocol\Auth.js
检测到白名单文件，路径为：B:\tsg\qiankun\qiankun-example\server\my_dom\node_modules\mysql\lib\protocol\BufferList.js
检测到文件夹：B:\tsg\qiankun\qiankun-example\server\my_dom\node_modules\mysql\lib\protocol\constants
检测到白名单文件，路径为：B:\tsg\qiankun\qiankun-example\server\my_dom\node_modules\mysql\lib\protocol\constants\charsets.js
检测到白名单文件，路径为：B:\tsg\qiankun\qiankun-example\server\my_dom\node_modules\mysql\lib\protocol\constants\client.js
检测到白名单文件，路径为：B:\tsg\qiankun\qiankun-example\server\my_dom\node_modules\mysql\lib\protocol\constants\errors.js
检测到白名单文件，路径为：B:\tsg\qiankun\qiankun-example\server\my_dom\node_modules\mysql\lib\protocol\constants\field_flags.js
检测到白名单文件，路径为：B:\tsg\qiankun\qiankun-example\server\my_dom\node_modules\mysql\lib\protocol\constants\server_status.js
检测到白名单文件，路径为：B:\tsg\qiankun\qiankun-example\server\my_dom\node_modules\mysql\lib\protocol\constants\ssl_profiles.js
检测到白名单文件，路径为：B:\tsg\qiankun\qiankun-example\server\my_dom\node_modules\mysql\lib\protocol\constants\types.js
检测到白名单文件，路径为：B:\tsg\qiankun\qiankun-example\server\my_dom\node_modules\mysql\lib\protocol\PacketHeader.js
检测到文件夹：B:\tsg\qiankun\qiankun-example\server\my_dom\node_modules\mysql\lib\protocol\packets
检测到白名单文件，路径为：B:\tsg\qiankun\qiankun-example\server\my_dom\node_modules\mysql\lib\protocol\packets\AuthSwitchRequestPacket.js
检测到白名单文件，路径为：B:\tsg\qiankun\qiankun-example\server\my_dom\node_modules\mysql\lib\protocol\packets\AuthSwitchResponsePacket.js
检测到白名单文件，路径为：B:\tsg\qiankun\qiankun-example\server\my_dom\node_modules\mysql\lib\protocol\packets\ClientAuthenticationPacket.js
检测到白名单文件，路径为：B:\tsg\qiankun\qiankun-example\server\my_dom\node_modules\mysql\lib\protocol\packets\ComChangeUserPacket.js
检测到白名单文件，路径为：B:\tsg\qiankun\qiankun-example\server\my_dom\node_modules\mysql\lib\protocol\packets\ComPingPacket.js
检测到白名单文件，路径为：B:\tsg\qiankun\qiankun-example\server\my_dom\node_modules\mysql\lib\protocol\packets\ComQueryPacket.js
检测到白名单文件，路径为：B:\tsg\qiankun\qiankun-example\server\my_dom\node_modules\mysql\lib\protocol\packets\ComQuitPacket.js
检测到白名单文件，路径为：B:\tsg\qiankun\qiankun-example\server\my_dom\node_modules\mysql\lib\protocol\packets\ComStatisticsPacket.js
检测到白名单文件，路径为：B:\tsg\qiankun\qiankun-example\server\my_dom\node_modules\mysql\lib\protocol\packets\EmptyPacket.js
检测到白名单文件，路径为：B:\tsg\qiankun\qiankun-example\server\my_dom\node_modules\mysql\lib\protocol\packets\EofPacket.js
检测到白名单文件，路径为：B:\tsg\qiankun\qiankun-example\server\my_dom\node_modules\mysql\lib\protocol\packets\ErrorPacket.js
检测到白名单文件，路径为：B:\tsg\qiankun\qiankun-example\server\my_dom\node_modules\mysql\lib\protocol\packets\Field.js
检测到白名单文件，路径为：B:\tsg\qiankun\qiankun-example\server\my_dom\node_modules\mysql\lib\protocol\packets\FieldPacket.js
检测到白名单文件，路径为：B:\tsg\qiankun\qiankun-example\server\my_dom\node_modules\mysql\lib\protocol\packets\HandshakeInitializationPacket.js
检测到白名单文件，路径为：B:\tsg\qiankun\qiankun-example\server\my_dom\node_modules\mysql\lib\protocol\packets\index.js
检测到白名单文件，路径为：B:\tsg\qiankun\qiankun-example\server\my_dom\node_modules\mysql\lib\protocol\packets\LocalDataFilePacket.js
检测到白名单文件，路径为：B:\tsg\qiankun\qiankun-example\server\my_dom\node_modules\mysql\lib\protocol\packets\LocalInfileRequestPacket.js
检测到白名单文件，路径为：B:\tsg\qiankun\qiankun-example\server\my_dom\node_modules\mysql\lib\protocol\packets\OkPacket.js
检测到白名单文件，路径为：B:\tsg\qiankun\qiankun-example\server\my_dom\node_modules\mysql\lib\protocol\packets\OldPasswordPacket.js
检测到白名单文件，路径为：B:\tsg\qiankun\qiankun-example\server\my_dom\node_modules\mysql\lib\protocol\packets\ResultSetHeaderPacket.js
检测到白名单文件，路径为：B:\tsg\qiankun\qiankun-example\server\my_dom\node_modules\mysql\lib\protocol\packets\RowDataPacket.js
检测到白名单文件，路径为：B:\tsg\qiankun\qiankun-example\server\my_dom\node_modules\mysql\lib\protocol\packets\SSLRequestPacket.js
检测到白名单文件，路径为：B:\tsg\qiankun\qiankun-example\server\my_dom\node_modules\mysql\lib\protocol\packets\StatisticsPacket.js
检测到白名单文件，路径为：B:\tsg\qiankun\qiankun-example\server\my_dom\node_modules\mysql\lib\protocol\packets\UseOldPasswordPacket.js
检测到白名单文件，路径为：B:\tsg\qiankun\qiankun-example\server\my_dom\node_modules\mysql\lib\protocol\PacketWriter.js
检测到白名单文件，路径为：B:\tsg\qiankun\qiankun-example\server\my_dom\node_modules\mysql\lib\protocol\Parser.js
检测到白名单文件，路径为：B:\tsg\qiankun\qiankun-example\server\my_dom\node_modules\mysql\lib\protocol\Protocol.js
检测到白名单文件，路径为：B:\tsg\qiankun\qiankun-example\server\my_dom\node_modules\mysql\lib\protocol\ResultSet.js
检测到文件夹：B:\tsg\qiankun\qiankun-example\server\my_dom\node_modules\mysql\lib\protocol\sequences
检测到白名单文件，路径为：B:\tsg\qiankun\qiankun-example\server\my_dom\node_modules\mysql\lib\protocol\sequences\ChangeUser.js
检测到白名单文件，路径为：B:\tsg\qiankun\qiankun-example\server\my_dom\node_modules\mysql\lib\protocol\sequences\Handshake.js
检测到白名单文件，路径为：B:\tsg\qiankun\qiankun-example\server\my_dom\node_modules\mysql\lib\protocol\sequences\index.js
检测到白名单文件，路径为：B:\tsg\qiankun\qiankun-example\server\my_dom\node_modules\mysql\lib\protocol\sequences\Ping.js
检测到白名单文件，路径为：B:\tsg\qiankun\qiankun-example\server\my_dom\node_modules\mysql\lib\protocol\sequences\Query.js
检测到白名单文件，路径为：B:\tsg\qiankun\qiankun-example\server\my_dom\node_modules\mysql\lib\protocol\sequences\Quit.js
检测到白名单文件，路径为：B:\tsg\qiankun\qiankun-example\server\my_dom\node_modules\mysql\lib\protocol\sequences\Sequence.js
检测到白名单文件，路径为：B:\tsg\qiankun\qiankun-example\server\my_dom\node_modules\mysql\lib\protocol\sequences\Statistics.js
检测到白名单文件，路径为：B:\tsg\qiankun\qiankun-example\server\my_dom\node_modules\mysql\lib\protocol\SqlString.js
检测到白名单文件，路径为：B:\tsg\qiankun\qiankun-example\server\my_dom\node_modules\mysql\lib\protocol\Timer.js
检测到白名单文件，路径为：B:\tsg\qiankun\qiankun-example\server\my_dom\node_modules\mysql\package.json
检测到文件夹：B:\tsg\qiankun\qiankun-example\server\my_dom\node_modules\negotiator
检测到白名单文件，路径为：B:\tsg\qiankun\qiankun-example\server\my_dom\node_modules\negotiator\index.js
检测到文件夹：B:\tsg\qiankun\qiankun-example\server\my_dom\node_modules\negotiator\lib
检测到白名单文件，路径为：B:\tsg\qiankun\qiankun-example\server\my_dom\node_modules\negotiator\lib\charset.js
检测到白名单文件，路径为：B:\tsg\qiankun\qiankun-example\server\my_dom\node_modules\negotiator\lib\encoding.js
检测到白名单文件，路径为：B:\tsg\qiankun\qiankun-example\server\my_dom\node_modules\negotiator\lib\language.js
检测到白名单文件，路径为：B:\tsg\qiankun\qiankun-example\server\my_dom\node_modules\negotiator\lib\mediaType.js
检测到白名单文件，路径为：B:\tsg\qiankun\qiankun-example\server\my_dom\node_modules\negotiator\package.json
检测到文件夹：B:\tsg\qiankun\qiankun-example\server\my_dom\node_modules\nodejs-websocket
检测到白名单文件，路径为：B:\tsg\qiankun\qiankun-example\server\my_dom\node_modules\nodejs-websocket\Connection.js
检测到白名单文件，路径为：B:\tsg\qiankun\qiankun-example\server\my_dom\node_modules\nodejs-websocket\frame.js
检测到白名单文件，路径为：B:\tsg\qiankun\qiankun-example\server\my_dom\node_modules\nodejs-websocket\index.js
检测到白名单文件，路径为：B:\tsg\qiankun\qiankun-example\server\my_dom\node_modules\nodejs-websocket\InStream.js
检测到白名单文件，路径为：B:\tsg\qiankun\qiankun-example\server\my_dom\node_modules\nodejs-websocket\OutStream.js
检测到白名单文件，路径为：B:\tsg\qiankun\qiankun-example\server\my_dom\node_modules\nodejs-websocket\package.json
检测到白名单文件，路径为：B:\tsg\qiankun\qiankun-example\server\my_dom\node_modules\nodejs-websocket\Server.js
检测到文件夹：B:\tsg\qiankun\qiankun-example\server\my_dom\node_modules\object-assign
检测到白名单文件，路径为：B:\tsg\qiankun\qiankun-example\server\my_dom\node_modules\object-assign\index.js
检测到白名单文件，路径为：B:\tsg\qiankun\qiankun-example\server\my_dom\node_modules\object-assign\package.json
检测到文件夹：B:\tsg\qiankun\qiankun-example\server\my_dom\node_modules\object-inspect
检测到文件夹：B:\tsg\qiankun\qiankun-example\server\my_dom\node_modules\object-inspect\.github
检测到文件夹：B:\tsg\qiankun\qiankun-example\server\my_dom\node_modules\object-inspect\example
检测到白名单文件，路径为：B:\tsg\qiankun\qiankun-example\server\my_dom\node_modules\object-inspect\example\all.js
检测到白名单文件，路径为：B:\tsg\qiankun\qiankun-example\server\my_dom\node_modules\object-inspect\example\circular.js
检测到白名单文件，路径为：B:\tsg\qiankun\qiankun-example\server\my_dom\node_modules\object-inspect\example\fn.js
检测到白名单文件，路径为：B:\tsg\qiankun\qiankun-example\server\my_dom\node_modules\object-inspect\example\inspect.js
检测到白名单文件，路径为：B:\tsg\qiankun\qiankun-example\server\my_dom\node_modules\object-inspect\index.js
检测到白名单文件，路径为：B:\tsg\qiankun\qiankun-example\server\my_dom\node_modules\object-inspect\package-support.json
检测到白名单文件，路径为：B:\tsg\qiankun\qiankun-example\server\my_dom\node_modules\object-inspect\package.json
检测到文件夹：B:\tsg\qiankun\qiankun-example\server\my_dom\node_modules\object-inspect\test
检测到白名单文件，路径为：B:\tsg\qiankun\qiankun-example\server\my_dom\node_modules\object-inspect\test\bigint.js
检测到文件夹：B:\tsg\qiankun\qiankun-example\server\my_dom\node_modules\object-inspect\test\browser
检测到白名单文件，路径为：B:\tsg\qiankun\qiankun-example\server\my_dom\node_modules\object-inspect\test\browser\dom.js
检测到白名单文件，路径为：B:\tsg\qiankun\qiankun-example\server\my_dom\node_modules\object-inspect\test\circular.js
检测到白名单文件，路径为：B:\tsg\qiankun\qiankun-example\server\my_dom\node_modules\object-inspect\test\deep.js
检测到白名单文件，路径为：B:\tsg\qiankun\qiankun-example\server\my_dom\node_modules\object-inspect\test\element.js
检测到白名单文件，路径为：B:\tsg\qiankun\qiankun-example\server\my_dom\node_modules\object-inspect\test\err.js
检测到白名单文件，路径为：B:\tsg\qiankun\qiankun-example\server\my_dom\node_modules\object-inspect\test\fakes.js
检测到白名单文件，路径为：B:\tsg\qiankun\qiankun-example\server\my_dom\node_modules\object-inspect\test\fn.js
检测到白名单文件，路径为：B:\tsg\qiankun\qiankun-example\server\my_dom\node_modules\object-inspect\test\has.js
检测到白名单文件，路径为：B:\tsg\qiankun\qiankun-example\server\my_dom\node_modules\object-inspect\test\holes.js
检测到白名单文件，路径为：B:\tsg\qiankun\qiankun-example\server\my_dom\node_modules\object-inspect\test\indent-option.js
检测到白名单文件，路径为：B:\tsg\qiankun\qiankun-example\server\my_dom\node_modules\object-inspect\test\inspect.js
检测到白名单文件，路径为：B:\tsg\qiankun\qiankun-example\server\my_dom\node_modules\object-inspect\test\lowbyte.js
检测到白名单文件，路径为：B:\tsg\qiankun\qiankun-example\server\my_dom\node_modules\object-inspect\test\number.js
检测到白名单文件，路径为：B:\tsg\qiankun\qiankun-example\server\my_dom\node_modules\object-inspect\test\quoteStyle.js
检测到白名单文件，路径为：B:\tsg\qiankun\qiankun-example\server\my_dom\node_modules\object-inspect\test\toStringTag.js
检测到白名单文件，路径为：B:\tsg\qiankun\qiankun-example\server\my_dom\node_modules\object-inspect\test\undef.js
检测到白名单文件，路径为：B:\tsg\qiankun\qiankun-example\server\my_dom\node_modules\object-inspect\test\values.js
检测到白名单文件，路径为：B:\tsg\qiankun\qiankun-example\server\my_dom\node_modules\object-inspect\test-core-js.js
检测到白名单文件，路径为：B:\tsg\qiankun\qiankun-example\server\my_dom\node_modules\object-inspect\util.inspect.js
检测到文件夹：B:\tsg\qiankun\qiankun-example\server\my_dom\node_modules\on-finished
检测到白名单文件，路径为：B:\tsg\qiankun\qiankun-example\server\my_dom\node_modules\on-finished\index.js
检测到白名单文件，路径为：B:\tsg\qiankun\qiankun-example\server\my_dom\node_modules\on-finished\package.json
检测到文件夹：B:\tsg\qiankun\qiankun-example\server\my_dom\node_modules\parseurl
检测到白名单文件，路径为：B:\tsg\qiankun\qiankun-example\server\my_dom\node_modules\parseurl\index.js
检测到白名单文件，路径为：B:\tsg\qiankun\qiankun-example\server\my_dom\node_modules\parseurl\package.json
检测到文件夹：B:\tsg\qiankun\qiankun-example\server\my_dom\node_modules\path-to-regexp
检测到白名单文件，路径为：B:\tsg\qiankun\qiankun-example\server\my_dom\node_modules\path-to-regexp\index.js
检测到白名单文件，路径为：B:\tsg\qiankun\qiankun-example\server\my_dom\node_modules\path-to-regexp\package.json
检测到文件夹：B:\tsg\qiankun\qiankun-example\server\my_dom\node_modules\process-nextick-args
检测到白名单文件，路径为：B:\tsg\qiankun\qiankun-example\server\my_dom\node_modules\process-nextick-args\index.js
检测到白名单文件，路径为：B:\tsg\qiankun\qiankun-example\server\my_dom\node_modules\process-nextick-args\package.json
检测到文件夹：B:\tsg\qiankun\qiankun-example\server\my_dom\node_modules\proxy-addr
检测到白名单文件，路径为：B:\tsg\qiankun\qiankun-example\server\my_dom\node_modules\proxy-addr\index.js
检测到白名单文件，路径为：B:\tsg\qiankun\qiankun-example\server\my_dom\node_modules\proxy-addr\package.json
检测到文件夹：B:\tsg\qiankun\qiankun-example\server\my_dom\node_modules\qs
检测到文件夹：B:\tsg\qiankun\qiankun-example\server\my_dom\node_modules\qs\.github
检测到文件夹：B:\tsg\qiankun\qiankun-example\server\my_dom\node_modules\qs\dist
检测到白名单文件，路径为：B:\tsg\qiankun\qiankun-example\server\my_dom\node_modules\qs\dist\qs.js
检测到文件夹：B:\tsg\qiankun\qiankun-example\server\my_dom\node_modules\qs\lib
检测到白名单文件，路径为：B:\tsg\qiankun\qiankun-example\server\my_dom\node_modules\qs\lib\formats.js
检测到白名单文件，路径为：B:\tsg\qiankun\qiankun-example\server\my_dom\node_modules\qs\lib\index.js
检测到白名单文件，路径为：B:\tsg\qiankun\qiankun-example\server\my_dom\node_modules\qs\lib\parse.js
检测到白名单文件，路径为：B:\tsg\qiankun\qiankun-example\server\my_dom\node_modules\qs\lib\stringify.js
检测到白名单文件，路径为：B:\tsg\qiankun\qiankun-example\server\my_dom\node_modules\qs\lib\utils.js
检测到白名单文件，路径为：B:\tsg\qiankun\qiankun-example\server\my_dom\node_modules\qs\package.json
检测到文件夹：B:\tsg\qiankun\qiankun-example\server\my_dom\node_modules\qs\test
检测到白名单文件，路径为：B:\tsg\qiankun\qiankun-example\server\my_dom\node_modules\qs\test\parse.js
检测到白名单文件，路径为：B:\tsg\qiankun\qiankun-example\server\my_dom\node_modules\qs\test\stringify.js
检测到白名单文件，路径为：B:\tsg\qiankun\qiankun-example\server\my_dom\node_modules\qs\test\utils.js
检测到文件夹：B:\tsg\qiankun\qiankun-example\server\my_dom\node_modules\range-parser
检测到白名单文件，路径为：B:\tsg\qiankun\qiankun-example\server\my_dom\node_modules\range-parser\index.js
检测到白名单文件，路径为：B:\tsg\qiankun\qiankun-example\server\my_dom\node_modules\range-parser\package.json
检测到文件夹：B:\tsg\qiankun\qiankun-example\server\my_dom\node_modules\raw-body
检测到白名单文件，路径为：B:\tsg\qiankun\qiankun-example\server\my_dom\node_modules\raw-body\index.js
检测到白名单文件，路径为：B:\tsg\qiankun\qiankun-example\server\my_dom\node_modules\raw-body\package.json
检测到文件夹：B:\tsg\qiankun\qiankun-example\server\my_dom\node_modules\readable-stream
检测到文件夹：B:\tsg\qiankun\qiankun-example\server\my_dom\node_modules\readable-stream\doc
检测到文件夹：B:\tsg\qiankun\qiankun-example\server\my_dom\node_modules\readable-stream\doc\wg-meetings
检测到白名单文件，路径为：B:\tsg\qiankun\qiankun-example\server\my_dom\node_modules\readable-stream\duplex-browser.js
检测到白名单文件，路径为：B:\tsg\qiankun\qiankun-example\server\my_dom\node_modules\readable-stream\duplex.js
检测到文件夹：B:\tsg\qiankun\qiankun-example\server\my_dom\node_modules\readable-stream\lib
检测到文件夹：B:\tsg\qiankun\qiankun-example\server\my_dom\node_modules\readable-stream\lib\internal
检测到文件夹：B:\tsg\qiankun\qiankun-example\server\my_dom\node_modules\readable-stream\lib\internal\streams
检测到白名单文件，路径为：B:\tsg\qiankun\qiankun-example\server\my_dom\node_modules\readable-stream\lib\internal\streams\BufferList.js
检测到白名单文件，路径为：B:\tsg\qiankun\qiankun-example\server\my_dom\node_modules\readable-stream\lib\internal\streams\destroy.js
检测到白名单文件，路径为：B:\tsg\qiankun\qiankun-example\server\my_dom\node_modules\readable-stream\lib\internal\streams\stream-browser.js
检测到白名单文件，路径为：B:\tsg\qiankun\qiankun-example\server\my_dom\node_modules\readable-stream\lib\internal\streams\stream.js
检测到白名单文件，路径为：B:\tsg\qiankun\qiankun-example\server\my_dom\node_modules\readable-stream\lib\_stream_duplex.js
检测到白名单文件，路径为：B:\tsg\qiankun\qiankun-example\server\my_dom\node_modules\readable-stream\lib\_stream_passthrough.js
检测到白名单文件，路径为：B:\tsg\qiankun\qiankun-example\server\my_dom\node_modules\readable-stream\lib\_stream_readable.js
检测到白名单文件，路径为：B:\tsg\qiankun\qiankun-example\server\my_dom\node_modules\readable-stream\lib\_stream_transform.js
检测到白名单文件，路径为：B:\tsg\qiankun\qiankun-example\server\my_dom\node_modules\readable-stream\lib\_stream_writable.js
检测到白名单文件，路径为：B:\tsg\qiankun\qiankun-example\server\my_dom\node_modules\readable-stream\package.json
检测到白名单文件，路径为：B:\tsg\qiankun\qiankun-example\server\my_dom\node_modules\readable-stream\passthrough.js
检测到白名单文件，路径为：B:\tsg\qiankun\qiankun-example\server\my_dom\node_modules\readable-stream\readable-browser.js
检测到白名单文件，路径为：B:\tsg\qiankun\qiankun-example\server\my_dom\node_modules\readable-stream\readable.js
检测到白名单文件，路径为：B:\tsg\qiankun\qiankun-example\server\my_dom\node_modules\readable-stream\transform.js
检测到白名单文件，路径为：B:\tsg\qiankun\qiankun-example\server\my_dom\node_modules\readable-stream\writable-browser.js
检测到白名单文件，路径为：B:\tsg\qiankun\qiankun-example\server\my_dom\node_modules\readable-stream\writable.js
检测到文件夹：B:\tsg\qiankun\qiankun-example\server\my_dom\node_modules\safe-buffer
检测到白名单文件，路径为：B:\tsg\qiankun\qiankun-example\server\my_dom\node_modules\safe-buffer\index.js
检测到白名单文件，路径为：B:\tsg\qiankun\qiankun-example\server\my_dom\node_modules\safe-buffer\package.json
检测到文件夹：B:\tsg\qiankun\qiankun-example\server\my_dom\node_modules\safer-buffer
检测到白名单文件，路径为：B:\tsg\qiankun\qiankun-example\server\my_dom\node_modules\safer-buffer\dangerous.js
检测到白名单文件，路径为：B:\tsg\qiankun\qiankun-example\server\my_dom\node_modules\safer-buffer\package.json
检测到白名单文件，路径为：B:\tsg\qiankun\qiankun-example\server\my_dom\node_modules\safer-buffer\safer.js
检测到白名单文件，路径为：B:\tsg\qiankun\qiankun-example\server\my_dom\node_modules\safer-buffer\tests.js
检测到文件夹：B:\tsg\qiankun\qiankun-example\server\my_dom\node_modules\semver
检测到文件夹：B:\tsg\qiankun\qiankun-example\server\my_dom\node_modules\semver\bin
检测到白名单文件，路径为：B:\tsg\qiankun\qiankun-example\server\my_dom\node_modules\semver\package.json
检测到白名单文件，路径为：B:\tsg\qiankun\qiankun-example\server\my_dom\node_modules\semver\semver.js
检测到文件夹：B:\tsg\qiankun\qiankun-example\server\my_dom\node_modules\send
检测到白名单文件，路径为：B:\tsg\qiankun\qiankun-example\server\my_dom\node_modules\send\index.js
检测到文件夹：B:\tsg\qiankun\qiankun-example\server\my_dom\node_modules\send\node_modules
检测到文件夹：B:\tsg\qiankun\qiankun-example\server\my_dom\node_modules\send\node_modules\ms
检测到白名单文件，路径为：B:\tsg\qiankun\qiankun-example\server\my_dom\node_modules\send\node_modules\ms\index.js
检测到白名单文件，路径为：B:\tsg\qiankun\qiankun-example\server\my_dom\node_modules\send\node_modules\ms\package.json
检测到白名单文件，路径为：B:\tsg\qiankun\qiankun-example\server\my_dom\node_modules\send\package.json
检测到文件夹：B:\tsg\qiankun\qiankun-example\server\my_dom\node_modules\serve-static
检测到白名单文件，路径为：B:\tsg\qiankun\qiankun-example\server\my_dom\node_modules\serve-static\index.js
检测到白名单文件，路径为：B:\tsg\qiankun\qiankun-example\server\my_dom\node_modules\serve-static\package.json
检测到文件夹：B:\tsg\qiankun\qiankun-example\server\my_dom\node_modules\setprototypeof
检测到白名单文件，路径为：B:\tsg\qiankun\qiankun-example\server\my_dom\node_modules\setprototypeof\index.js
检测到白名单文件，路径为：B:\tsg\qiankun\qiankun-example\server\my_dom\node_modules\setprototypeof\package.json
检测到文件夹：B:\tsg\qiankun\qiankun-example\server\my_dom\node_modules\setprototypeof\test
检测到白名单文件，路径为：B:\tsg\qiankun\qiankun-example\server\my_dom\node_modules\setprototypeof\test\index.js
检测到文件夹：B:\tsg\qiankun\qiankun-example\server\my_dom\node_modules\side-channel
检测到文件夹：B:\tsg\qiankun\qiankun-example\server\my_dom\node_modules\side-channel\.github
检测到白名单文件，路径为：B:\tsg\qiankun\qiankun-example\server\my_dom\node_modules\side-channel\index.js
检测到白名单文件，路径为：B:\tsg\qiankun\qiankun-example\server\my_dom\node_modules\side-channel\package.json
检测到文件夹：B:\tsg\qiankun\qiankun-example\server\my_dom\node_modules\side-channel\test
检测到白名单文件，路径为：B:\tsg\qiankun\qiankun-example\server\my_dom\node_modules\side-channel\test\index.js
检测到文件夹：B:\tsg\qiankun\qiankun-example\server\my_dom\node_modules\sqlstring
检测到白名单文件，路径为：B:\tsg\qiankun\qiankun-example\server\my_dom\node_modules\sqlstring\index.js
检测到文件夹：B:\tsg\qiankun\qiankun-example\server\my_dom\node_modules\sqlstring\lib
检测到白名单文件，路径为：B:\tsg\qiankun\qiankun-example\server\my_dom\node_modules\sqlstring\lib\SqlString.js
检测到白名单文件，路径为：B:\tsg\qiankun\qiankun-example\server\my_dom\node_modules\sqlstring\package.json
检测到文件夹：B:\tsg\qiankun\qiankun-example\server\my_dom\node_modules\statuses
检测到白名单文件，路径为：B:\tsg\qiankun\qiankun-example\server\my_dom\node_modules\statuses\codes.json
检测到白名单文件，路径为：B:\tsg\qiankun\qiankun-example\server\my_dom\node_modules\statuses\index.js
检测到白名单文件，路径为：B:\tsg\qiankun\qiankun-example\server\my_dom\node_modules\statuses\package.json
检测到文件夹：B:\tsg\qiankun\qiankun-example\server\my_dom\node_modules\string_decoder
检测到文件夹：B:\tsg\qiankun\qiankun-example\server\my_dom\node_modules\string_decoder\lib
检测到白名单文件，路径为：B:\tsg\qiankun\qiankun-example\server\my_dom\node_modules\string_decoder\lib\string_decoder.js
检测到白名单文件，路径为：B:\tsg\qiankun\qiankun-example\server\my_dom\node_modules\string_decoder\package.json
检测到文件夹：B:\tsg\qiankun\qiankun-example\server\my_dom\node_modules\toidentifier
检测到白名单文件，路径为：B:\tsg\qiankun\qiankun-example\server\my_dom\node_modules\toidentifier\index.js
检测到白名单文件，路径为：B:\tsg\qiankun\qiankun-example\server\my_dom\node_modules\toidentifier\package.json
检测到文件夹：B:\tsg\qiankun\qiankun-example\server\my_dom\node_modules\type-is
检测到白名单文件，路径为：B:\tsg\qiankun\qiankun-example\server\my_dom\node_modules\type-is\index.js
检测到白名单文件，路径为：B:\tsg\qiankun\qiankun-example\server\my_dom\node_modules\type-is\package.json
检测到文件夹：B:\tsg\qiankun\qiankun-example\server\my_dom\node_modules\unpipe
检测到白名单文件，路径为：B:\tsg\qiankun\qiankun-example\server\my_dom\node_modules\unpipe\index.js
检测到白名单文件，路径为：B:\tsg\qiankun\qiankun-example\server\my_dom\node_modules\unpipe\package.json
检测到文件夹：B:\tsg\qiankun\qiankun-example\server\my_dom\node_modules\util
检测到白名单文件，路径为：B:\tsg\qiankun\qiankun-example\server\my_dom\node_modules\util\package.json
检测到文件夹：B:\tsg\qiankun\qiankun-example\server\my_dom\node_modules\util\support
检测到白名单文件，路径为：B:\tsg\qiankun\qiankun-example\server\my_dom\node_modules\util\support\isBuffer.js
检测到白名单文件，路径为：B:\tsg\qiankun\qiankun-example\server\my_dom\node_modules\util\support\isBufferBrowser.js
检测到白名单文件，路径为：B:\tsg\qiankun\qiankun-example\server\my_dom\node_modules\util\support\types.js
检测到白名单文件，路径为：B:\tsg\qiankun\qiankun-example\server\my_dom\node_modules\util\util.js
检测到文件夹：B:\tsg\qiankun\qiankun-example\server\my_dom\node_modules\util-deprecate
检测到白名单文件，路径为：B:\tsg\qiankun\qiankun-example\server\my_dom\node_modules\util-deprecate\browser.js
检测到白名单文件，路径为：B:\tsg\qiankun\qiankun-example\server\my_dom\node_modules\util-deprecate\node.js
检测到白名单文件，路径为：B:\tsg\qiankun\qiankun-example\server\my_dom\node_modules\util-deprecate\package.json
检测到文件夹：B:\tsg\qiankun\qiankun-example\server\my_dom\node_modules\utils-merge
检测到白名单文件，路径为：B:\tsg\qiankun\qiankun-example\server\my_dom\node_modules\utils-merge\index.js
检测到白名单文件，路径为：B:\tsg\qiankun\qiankun-example\server\my_dom\node_modules\utils-merge\package.json
检测到文件夹：B:\tsg\qiankun\qiankun-example\server\my_dom\node_modules\vary
检测到白名单文件，路径为：B:\tsg\qiankun\qiankun-example\server\my_dom\node_modules\vary\index.js
检测到白名单文件，路径为：B:\tsg\qiankun\qiankun-example\server\my_dom\node_modules\vary\package.json
检测到文件夹：B:\tsg\qiankun\qiankun-example\server\my_dom\node_modules\which-typed-array
检测到文件夹：B:\tsg\qiankun\qiankun-example\server\my_dom\node_modules\which-typed-array\.github
检测到白名单文件，路径为：B:\tsg\qiankun\qiankun-example\server\my_dom\node_modules\which-typed-array\index.js
检测到白名单文件，路径为：B:\tsg\qiankun\qiankun-example\server\my_dom\node_modules\which-typed-array\package.json
检测到文件夹：B:\tsg\qiankun\qiankun-example\server\my_dom\node_modules\which-typed-array\test
检测到白名单文件，路径为：B:\tsg\qiankun\qiankun-example\server\my_dom\node_modules\which-typed-array\test\index.js
检测到白名单文件，路径为：B:\tsg\qiankun\qiankun-example\server\my_dom\package-lock.json
检测到白名单文件，路径为：B:\tsg\qiankun\qiankun-example\server\my_dom\package.json
检测到文件夹：B:\tsg\qiankun\qiankun-example\server\my_dom\routers
检测到白名单文件，路径为：B:\tsg\qiankun\qiankun-example\server\my_dom\routers\index.js
检测到白名单文件，路径为：B:\tsg\qiankun\qiankun-example\server\my_dom\routers\user.js
检测到白名单文件，路径为：B:\tsg\qiankun\qiankun-example\server\my_dom\routers\userinfo.js
检测到文件夹：B:\tsg\qiankun\qiankun-example\server\my_dom\router_handler
检测到白名单文件，路径为：B:\tsg\qiankun\qiankun-example\server\my_dom\router_handler\user.js
检测到白名单文件，路径为：B:\tsg\qiankun\qiankun-example\server\my_dom\router_handler\userinfo.js
检测到文件夹：B:\tsg\qiankun\qiankun-example\server\my_dom\schema
检测到白名单文件，路径为：B:\tsg\qiankun\qiankun-example\server\my_dom\schema\user.js
检测到白名单文件，路径为：B:\tsg\qiankun\qiankun-example\server\my_dom\schema\websocket.js
文件路径列表生成结束！
